#
# A fatal error has been detected by the Java Runtime Environment:
#
#  EXCEPTION_ACCESS_VIOLATION (0xc0000005) at pc=0x00000000000000dc, pid=4200, tid=0x0000000000001228
#
# JRE version: Java(TM) SE Runtime Environment (8.0_152-b16) (build 1.8.0_152-b16)
# Java VM: Java HotSpot(TM) 64-Bit Server VM (25.152-b16 mixed mode windows-amd64 compressed oops)
# Problematic frame:
# C  0x00000000000000dc
#
# Failed to write core dump. Minidumps are not enabled by default on client versions of Windows
#
# If you would like to submit a bug report, please visit:
#   http://bugreport.java.com/bugreport/crash.jsp
#

---------------  T H R E A D  ---------------

Current thread (0x000000005976a000):  JavaThread "restartedMain" [_thread_in_native_trans, id=4648, stack(0x00000000590b0000,0x00000000591b0000)]

siginfo: ExceptionCode=0xc0000005, ExceptionInformation=0x0000000000000008 0x00000000000000dc

Registers:
RAX=0x0000000000000000, RBX=0x0000000000000000, RCX=0x000000005717e8c0, RDX=0x0000000000000035
RSP=0x00000000591a9180, RBP=0x0000000072eb8d17, RSI=0x0000000000000002, RDI=0x000000002e8bbc34
R8 =0x0000000000000000, R9 =0x0000000000000035, R10=0x000000005717e8c0, R11=0x00000000591a8e40
R12=0x00000000000000dc, R13=0x0000000002170470, R14=0x00000144ffff0000, R15=0x000000005976a000
RIP=0x00000000000000dc, EFLAGS=0x0000000000010206

Top of Stack: (sp=0x00000000591a9180)
0x00000000591a9180:   0000000000000000 0000000072eb8d17
0x00000000591a9190:   0000000000000002 000000002e8bbc34
0x00000000591a91a0:   000000005976a000 00000000000e1c03
0x00000000591a91b0:   0000000000002d68 0000000000000000
0x00000000591a91c0:   000000005c1cfeec 000000000000006d
0x00000000591a91d0:   00000000591a9278 0000000077cd6a1a
0x00000000591a91e0:   000000005c1d01d0 000000005c1d01d0
0x00000000591a91f0:   000000000000006d 0000000077b8307a
0x00000000591a9200:   0000000000000000 00000000591a9250
0x00000000591a9210:   0000000000dc00da 000000005c1cfe10
0x00000000591a9220:   0000000000000000 000007fefdf36326
0x00000000591a9230:   000000005976a000 00000000000e1c03
0x00000000591a9240:   0000000000002d68 0000000000000000
0x00000000591a9250:   00005ee5c94e886d 000000000000006d
0x00000000591a9260:   0000000000000035 0000000000000000
0x00000000591a9270:   0000000000000035 0000000000000039 

Instructions: (pc=0x00000000000000dc)
0x00000000000000bc:   
[error occurred during error reporting (printing registers, top of stack, instructions near pc), id 0xc0000005]

Register to memory mapping:

RAX=0x0000000000000000 is an unknown value
RBX=0x0000000000000000 is an unknown value
RCX=0x000000005717e8c0 is an unknown value
RDX=0x0000000000000035 is an unknown value
RSP=0x00000000591a9180 is pointing into the stack for thread: 0x000000005976a000
RBP=0x0000000072eb8d17 is an unknown value
RSI=0x0000000000000002 is an unknown value
RDI=0x000000002e8bbc34 is an unknown value
R8 =0x0000000000000000 is an unknown value
R9 =0x0000000000000035 is an unknown value
R10=0x000000005717e8c0 is an unknown value
R11=0x00000000591a8e40 is pointing into the stack for thread: 0x000000005976a000
R12=0x00000000000000dc is an unknown value
R13=0x0000000002170470 is an unknown value
R14=0x00000144ffff0000 is an unknown value
R15=0x000000005976a000 is a thread


Stack: [0x00000000590b0000,0x00000000591b0000],  sp=0x00000000591a9180,  free space=996k
Native frames: (J=compiled Java code, j=interpreted, Vv=VM code, C=native code)
C  0x00000000000000dc

Java frames: (J=compiled Java code, j=interpreted, Vv=VM code)
J 45  java.util.zip.ZipFile.getEntry(J[BZ)J (0 bytes) @ 0x000000000289771a [0x00000000028976c0+0x5a]
J 3728 C2 java.util.jar.JarFile.getEntry(Ljava/lang/String;)Ljava/util/zip/ZipEntry; (22 bytes) @ 0x000000000310aee0 [0x000000000310aba0+0x340]
J 747 C2 sun.misc.URLClassPath.getResource(Ljava/lang/String;Z)Lsun/misc/Resource; (83 bytes) @ 0x0000000002a9e350 [0x0000000002a9ddc0+0x590]
J 2118 C2 java.net.URLClassLoader$1.run()Ljava/lang/Class; (63 bytes) @ 0x0000000002f442e8 [0x0000000002f43e40+0x4a8]
J 2119 C2 java.net.URLClassLoader$1.run()Ljava/lang/Object; (5 bytes) @ 0x0000000002ed5204 [0x0000000002ed51e0+0x24]
v  ~StubRoutines::call_stub
J 135  java.security.AccessController.doPrivileged(Ljava/security/PrivilegedExceptionAction;Ljava/security/AccessControlContext;)Ljava/lang/Object; (0 bytes) @ 0x00000000028d6766 [0x00000000028d6700+0x66]
J 3882 C2 java.net.URLClassLoader.findClass(Ljava/lang/String;)Ljava/lang/Class; (47 bytes) @ 0x000000000336b45c [0x000000000336b3e0+0x7c]
J 3872 C1 java.lang.ClassLoader.loadClass(Ljava/lang/String;Z)Ljava/lang/Class; (122 bytes) @ 0x000000000336407c [0x0000000003363740+0x93c]
J 3004 C2 sun.misc.Launcher$AppClassLoader.loadClass(Ljava/lang/String;Z)Ljava/lang/Class; (85 bytes) @ 0x00000000028b508c [0x00000000028b4f20+0x16c]
J 3019 C2 java.lang.ClassLoader.loadClass(Ljava/lang/String;)Ljava/lang/Class; (7 bytes) @ 0x0000000002903530 [0x0000000002903500+0x30]
v  ~StubRoutines::call_stub
J 873  java.lang.Class.forName0(Ljava/lang/String;ZLjava/lang/ClassLoader;Ljava/lang/Class;)Ljava/lang/Class; (0 bytes) @ 0x0000000002ae5b47 [0x0000000002ae5ac0+0x87]
J 913 C1 java.lang.Class.forName(Ljava/lang/String;ZLjava/lang/ClassLoader;)Ljava/lang/Class; (53 bytes) @ 0x0000000002af273c [0x0000000002af2240+0x4fc]
j  org.jboss.logging.Logger$1.run()Ljava/lang/Object;+161
v  ~StubRoutines::call_stub
J 872  java.security.AccessController.doPrivileged(Ljava/security/PrivilegedAction;)Ljava/lang/Object; (0 bytes) @ 0x0000000002ae5f12 [0x0000000002ae5ec0+0x52]
j  org.jboss.logging.Logger.getMessageLogger(Ljava/lang/Class;Ljava/lang/String;Ljava/util/Locale;)Ljava/lang/Object;+10
j  org.jboss.logging.Logger.getMessageLogger(Ljava/lang/Class;Ljava/lang/String;)Ljava/lang/Object;+5
j  org.hibernate.internal.CoreLogging.messageLogger(Ljava/lang/String;)Lorg/hibernate/internal/CoreMessageLogger;+3
j  org.hibernate.internal.CoreLogging.messageLogger(Ljava/lang/Class;)Lorg/hibernate/internal/CoreMessageLogger;+4
j  org.hibernate.resource.jdbc.internal.ResourceRegistryStandardImpl.<clinit>()V+2
v  ~StubRoutines::call_stub
j  org.hibernate.engine.jdbc.internal.JdbcCoordinatorImpl.<init>(Ljava/sql/Connection;Lorg/hibernate/resource/jdbc/spi/JdbcSessionOwner;)V+51
j  org.hibernate.internal.AbstractSharedSessionContract.<init>(Lorg/hibernate/internal/SessionFactoryImpl;Lorg/hibernate/internal/SessionCreationOptions;)V+359
j  org.hibernate.internal.AbstractSessionImpl.<init>(Lorg/hibernate/internal/SessionFactoryImpl;Lorg/hibernate/internal/SessionCreationOptions;)V+3
j  org.hibernate.internal.SessionImpl.<init>(Lorg/hibernate/internal/SessionFactoryImpl;Lorg/hibernate/internal/SessionCreationOptions;)V+3
j  org.hibernate.internal.SessionFactoryImpl$SessionBuilderImpl.openSession()Lorg/hibernate/Session;+25
j  org.hibernate.internal.SessionFactoryImpl.buildEntityManager(Ljavax/persistence/SynchronizationType;Ljava/util/Map;)Lorg/hibernate/Session;+36
j  org.hibernate.internal.SessionFactoryImpl.createEntityManager()Lorg/hibernate/Session;+7
j  org.hibernate.internal.SessionFactoryImpl.createEntityManager()Ljavax/persistence/EntityManager;+1
v  ~StubRoutines::call_stub
J 1389  sun.reflect.NativeMethodAccessorImpl.invoke0(Ljava/lang/reflect/Method;Ljava/lang/Object;[Ljava/lang/Object;)Ljava/lang/Object; (0 bytes) @ 0x0000000002c0653f [0x0000000002c064c0+0x7f]
J 1388 C1 sun.reflect.NativeMethodAccessorImpl.invoke(Ljava/lang/Object;[Ljava/lang/Object;)Ljava/lang/Object; (104 bytes) @ 0x0000000002c0831c [0x0000000002c071c0+0x115c]
J 915 C1 sun.reflect.DelegatingMethodAccessorImpl.invoke(Ljava/lang/Object;[Ljava/lang/Object;)Ljava/lang/Object; (10 bytes) @ 0x0000000002af6bc4 [0x0000000002af6ac0+0x104]
J 914 C1 java.lang.reflect.Method.invoke(Ljava/lang/Object;[Ljava/lang/Object;)Ljava/lang/Object; (62 bytes) @ 0x0000000002af7364 [0x0000000002af6f80+0x3e4]
j  org.springframework.orm.jpa.AbstractEntityManagerFactoryBean.invokeProxyMethod(Ljava/lang/reflect/Method;[Ljava/lang/Object;)Ljava/lang/Object;+180
j  org.springframework.orm.jpa.AbstractEntityManagerFactoryBean$ManagedEntityManagerFactoryInvocationHandler.invoke(Ljava/lang/Object;Ljava/lang/reflect/Method;[Ljava/lang/Object;)Ljava/lang/Object;+98
j  com.sun.proxy.$Proxy76.createEntityManager()Ljavax/persistence/EntityManager;+9
j  org.springframework.orm.jpa.SharedEntityManagerCreator$SharedEntityManagerInvocationHandler.invoke(Ljava/lang/Object;Ljava/lang/reflect/Method;[Ljava/lang/Object;)Ljava/lang/Object;+481
j  com.sun.proxy.$Proxy82.getDelegate()Ljava/lang/Object;+9
j  org.springframework.data.jpa.provider.PersistenceProvider.fromEntityManager(Ljavax/persistence/EntityManager;)Lorg/springframework/data/jpa/provider/PersistenceProvider;+7
j  org.springframework.data.jpa.repository.support.JpaRepositoryFactory.<init>(Ljavax/persistence/EntityManager;)V+17
j  org.springframework.data.jpa.repository.support.JpaRepositoryFactoryBean.createRepositoryFactory(Ljavax/persistence/EntityManager;)Lorg/springframework/data/repository/core/support/RepositoryFactorySupport;+5
j  org.springframework.data.jpa.repository.support.JpaRepositoryFactoryBean.doCreateRepositoryFactory()Lorg/springframework/data/repository/core/support/RepositoryFactorySupport;+22
j  org.springframework.data.repository.core.support.TransactionalRepositoryFactoryBeanSupport.createRepositoryFactory()Lorg/springframework/data/repository/core/support/RepositoryFactorySupport;+1
j  org.springframework.data.repository.core.support.RepositoryFactoryBeanSupport.afterPropertiesSet()V+2
j  org.springframework.data.jpa.repository.support.JpaRepositoryFactoryBean.afterPropertiesSet()V+18
j  org.springframework.beans.factory.support.AbstractAutowireCapableBeanFactory.invokeInitMethods(Ljava/lang/String;Ljava/lang/Object;Lorg/springframework/beans/factory/support/RootBeanDefinition;)V+106
j  org.springframework.beans.factory.support.AbstractAutowireCapableBeanFactory.initializeBean(Ljava/lang/String;Ljava/lang/Object;Lorg/springframework/beans/factory/support/RootBeanDefinition;)Ljava/lang/Object;+59
j  org.springframework.beans.factory.support.AbstractAutowireCapableBeanFactory.doCreateBean(Ljava/lang/String;Lorg/springframework/beans/factory/support/RootBeanDefinition;[Ljava/lang/Object;)Ljava/lang/Object;+245
j  org.springframework.beans.factory.support.AbstractAutowireCapableBeanFactory.createBean(Ljava/lang/String;Lorg/springframework/beans/factory/support/RootBeanDefinition;[Ljava/lang/Object;)Ljava/lang/Object;+169
j  org.springframework.beans.factory.support.AbstractBeanFactory.lambda$doGetBean$0(Ljava/lang/String;Lorg/springframework/beans/factory/support/RootBeanDefinition;[Ljava/lang/Object;)Ljava/lang/Object;+4
j  org.springframework.beans.factory.support.AbstractBeanFactory$$Lambda$76.getObject()Ljava/lang/Object;+16
j  org.springframework.beans.factory.support.DefaultSingletonBeanRegistry.getSingleton(Ljava/lang/String;Lorg/springframework/beans/factory/ObjectFactory;)Ljava/lang/Object;+132
J 3690 C1 org.springframework.beans.factory.support.AbstractBeanFactory.doGetBean(Ljava/lang/String;Ljava/lang/Class;[Ljava/lang/Object;Z)Ljava/lang/Object; (762 bytes) @ 0x00000000032c4504 [0x00000000032c2920+0x1be4]
j  org.springframework.beans.factory.support.AbstractBeanFactory.getBean(Ljava/lang/String;)Ljava/lang/Object;+5
j  org.springframework.beans.factory.config.DependencyDescriptor.resolveCandidate(Ljava/lang/String;Ljava/lang/Class;Lorg/springframework/beans/factory/BeanFactory;)Ljava/lang/Object;+2
j  org.springframework.beans.factory.support.DefaultListableBeanFactory.doResolveDependency(Lorg/springframework/beans/factory/config/DependencyDescriptor;Ljava/lang/String;Ljava/util/Set;Lorg/springframework/beans/TypeConverter;)Ljava/lang/Object;+410
j  org.springframework.beans.factory.support.DefaultListableBeanFactory.resolveDependency(Lorg/springframework/beans/factory/config/DependencyDescriptor;Ljava/lang/String;Ljava/util/Set;Lorg/springframework/beans/TypeConverter;)Ljava/lang/Object;+106
j  org.springframework.beans.factory.annotation.AutowiredAnnotationBeanPostProcessor$AutowiredFieldElement.inject(Ljava/lang/Object;Ljava/lang/String;Lorg/springframework/beans/PropertyValues;)V+115
j  org.springframework.beans.factory.annotation.InjectionMetadata.inject(Ljava/lang/Object;Ljava/lang/String;Lorg/springframework/beans/PropertyValues;)V+120
j  org.springframework.beans.factory.annotation.AutowiredAnnotationBeanPostProcessor.postProcessPropertyValues(Lorg/springframework/beans/PropertyValues;[Ljava/beans/PropertyDescriptor;Ljava/lang/Object;Ljava/lang/String;)Lorg/springframework/beans/PropertyValues;+19
j  org.springframework.beans.factory.support.AbstractAutowireCapableBeanFactory.populateBean(Ljava/lang/String;Lorg/springframework/beans/factory/support/RootBeanDefinition;Lorg/springframework/beans/BeanWrapper;)V+306
j  org.springframework.beans.factory.support.AbstractAutowireCapableBeanFactory.doCreateBean(Ljava/lang/String;Lorg/springframework/beans/factory/support/RootBeanDefinition;[Ljava/lang/Object;)Ljava/lang/Object;+237
j  org.springframework.beans.factory.support.AbstractAutowireCapableBeanFactory.createBean(Ljava/lang/String;Lorg/springframework/beans/factory/support/RootBeanDefinition;[Ljava/lang/Object;)Ljava/lang/Object;+169
j  org.springframework.beans.factory.support.AbstractBeanFactory.lambda$doGetBean$0(Ljava/lang/String;Lorg/springframework/beans/factory/support/RootBeanDefinition;[Ljava/lang/Object;)Ljava/lang/Object;+4
j  org.springframework.beans.factory.support.AbstractBeanFactory$$Lambda$76.getObject()Ljava/lang/Object;+16
j  org.springframework.beans.factory.support.DefaultSingletonBeanRegistry.getSingleton(Ljava/lang/String;Lorg/springframework/beans/factory/ObjectFactory;)Ljava/lang/Object;+132
J 3690 C1 org.springframework.beans.factory.support.AbstractBeanFactory.doGetBean(Ljava/lang/String;Ljava/lang/Class;[Ljava/lang/Object;Z)Ljava/lang/Object; (762 bytes) @ 0x00000000032c4504 [0x00000000032c2920+0x1be4]
j  org.springframework.beans.factory.support.AbstractBeanFactory.getBean(Ljava/lang/String;)Ljava/lang/Object;+5
j  org.springframework.beans.factory.support.DefaultListableBeanFactory.preInstantiateSingletons()V+228
j  org.springframework.context.support.AbstractApplicationContext.finishBeanFactoryInitialization(Lorg/springframework/beans/factory/config/ConfigurableListableBeanFactory;)V+124
j  org.springframework.context.support.AbstractApplicationContext.refresh()V+54
j  org.springframework.boot.web.servlet.context.ServletWebServerApplicationContext.refresh()V+1
j  org.springframework.boot.SpringApplication.refresh(Lorg/springframework/context/ApplicationContext;)V+10
j  org.springframework.boot.SpringApplication.refreshContext(Lorg/springframework/context/ConfigurableApplicationContext;)V+2
j  org.springframework.boot.SpringApplication.run([Ljava/lang/String;)Lorg/springframework/context/ConfigurableApplicationContext;+118
j  org.springframework.boot.SpringApplication.run([Ljava/lang/Class;[Ljava/lang/String;)Lorg/springframework/context/ConfigurableApplicationContext;+9
j  org.springframework.boot.SpringApplication.run(Ljava/lang/Class;[Ljava/lang/String;)Lorg/springframework/context/ConfigurableApplicationContext;+9
j  milionerzy.MilionerzyApplication.main([Ljava/lang/String;)V+3
v  ~StubRoutines::call_stub
j  sun.reflect.NativeMethodAccessorImpl.invoke0(Ljava/lang/reflect/Method;Ljava/lang/Object;[Ljava/lang/Object;)Ljava/lang/Object;+0
j  sun.reflect.NativeMethodAccessorImpl.invoke(Ljava/lang/Object;[Ljava/lang/Object;)Ljava/lang/Object;+100
j  sun.reflect.DelegatingMethodAccessorImpl.invoke(Ljava/lang/Object;[Ljava/lang/Object;)Ljava/lang/Object;+6
j  java.lang.reflect.Method.invoke(Ljava/lang/Object;[Ljava/lang/Object;)Ljava/lang/Object;+56
j  org.springframework.boot.devtools.restart.RestartLauncher.run()V+41
v  ~StubRoutines::call_stub

---------------  P R O C E S S  ---------------

Java Threads: ( => current thread )
  0x000000005976f800 JavaThread "testdb connection adder" daemon [_thread_blocked, id=1496, stack(0x000000005e3b0000,0x000000005e4b0000)]
  0x000000005976e800 JavaThread "testdb housekeeper" daemon [_thread_blocked, id=1096, stack(0x000000005e260000,0x000000005e360000)]
  0x000000005976e000 JavaThread "Abandoned connection cleanup thread" daemon [_thread_blocked, id=3140, stack(0x000000005dcc0000,0x000000005ddc0000)]
  0x000000005976d000 JavaThread "container-0" [_thread_blocked, id=3280, stack(0x000000005afd0000,0x000000005b0d0000)]
  0x000000005976c800 JavaThread "ContainerBackgroundProcessor[StandardEngine[Tomcat]]" daemon [_thread_blocked, id=1660, stack(0x000000005dac0000,0x000000005dbc0000)]
  0x000000005976b800 JavaThread "localhost-startStop-1" daemon [_thread_blocked, id=1184, stack(0x000000005d960000,0x000000005da60000)]
  0x000000005976b000 JavaThread "Tomcat-startStop-1" daemon [_thread_blocked, id=4580, stack(0x0000000058d10000,0x0000000058e10000)]
=>0x000000005976a000 JavaThread "restartedMain" [_thread_in_native_trans, id=4648, stack(0x00000000590b0000,0x00000000591b0000)]
  0x0000000059769800 JavaThread "Thread-0" [_thread_blocked, id=4664, stack(0x000000005aaf0000,0x000000005abf0000)]
  0x00000000587b3000 JavaThread "Service Thread" daemon [_thread_blocked, id=1244, stack(0x0000000058e40000,0x0000000058f40000)]
  0x00000000571de000 JavaThread "C1 CompilerThread1" daemon [_thread_blocked, id=5100, stack(0x0000000058bf0000,0x0000000058cf0000)]
  0x00000000571dc000 JavaThread "C2 CompilerThread0" daemon [_thread_in_native, id=2120, stack(0x0000000058aa0000,0x0000000058ba0000)]
  0x0000000058737800 JavaThread "Monitor Ctrl-Break" daemon [_thread_in_native, id=4100, stack(0x0000000058910000,0x0000000058a10000)]
  0x0000000057189000 JavaThread "Attach Listener" daemon [_thread_blocked, id=5024, stack(0x0000000058340000,0x0000000058440000)]
  0x0000000057187000 JavaThread "Signal Dispatcher" daemon [_thread_blocked, id=2752, stack(0x00000000581b0000,0x00000000582b0000)]
  0x0000000057165000 JavaThread "Finalizer" daemon [_thread_blocked, id=824, stack(0x0000000058000000,0x0000000058100000)]
  0x000000005711b800 JavaThread "Reference Handler" daemon [_thread_blocked, id=5004, stack(0x0000000057ee0000,0x0000000057fe0000)]
  0x0000000002193800 JavaThread "main" [_thread_blocked, id=4520, stack(0x00000000023b0000,0x00000000024b0000)]

Other Threads:
  0x0000000057113800 VMThread [stack: 0x0000000057c80000,0x0000000057d80000] [id=4428]
  0x0000000058834800 WatcherThread [stack: 0x0000000058f70000,0x0000000059070000] [id=2756]

VM state:not at safepoint (normal execution)

VM Mutex/Monitor currently owned by a thread: None

Heap:
 PSYoungGen      total 424960K, used 139781K [0x00000000d5b00000, 0x00000000f3900000, 0x0000000100000000)
  eden space 409600K, 34% used [0x00000000d5b00000,0x00000000de381698,0x00000000eeb00000)
  from space 15360K, 0% used [0x00000000efa80000,0x00000000efa80000,0x00000000f0980000)
  to   space 15872K, 0% used [0x00000000eeb00000,0x00000000eeb00000,0x00000000efa80000)
 ParOldGen       total 81408K, used 23371K [0x0000000081000000, 0x0000000085f80000, 0x00000000d5b00000)
  object space 81408K, 28% used [0x0000000081000000,0x00000000826d2ea0,0x0000000085f80000)
 Metaspace       used 47017K, capacity 48400K, committed 48512K, reserved 1091584K
  class space    used 6143K, capacity 6428K, committed 6528K, reserved 1048576K

Card table byte_map: [0x0000000011b40000,0x0000000011f40000] byte_map_base: 0x0000000011738000

Marking Bits: (ParMarkBitMap*) 0x0000000068a80860
 Begin Bits: [0x0000000012460000, 0x0000000014420000)
 End Bits:   [0x0000000014420000, 0x00000000163e0000)

Polling page: 0x0000000000430000

CodeCache: size=245760Kb used=13272Kb max_used=13272Kb free=232487Kb
 bounds [0x0000000002780000, 0x0000000003480000, 0x0000000011780000]
 total_blobs=4209 nmethods=3695 adapters=428
 compilation: enabled

Compilation events (10 events):
Event: 16.908 Thread 0x00000000571de000 4174       3       org.springframework.beans.factory.support.AbstractBeanFactory::isPrototypeCurrentlyInCreation (46 bytes)
Event: 16.908 Thread 0x00000000571de000 nmethod 4174 0x000000000347d850 code [0x000000000347da00, 0x000000000347e0a8]
Event: 16.915 Thread 0x00000000571de000 4175       1       org.springframework.aop.support.annotation.AnnotationMatchingPointcut::getClassFilter (5 bytes)
Event: 16.915 Thread 0x00000000571de000 nmethod 4175 0x000000000347e210 code [0x000000000347e360, 0x000000000347e470]
Event: 16.916 Thread 0x00000000571de000 4176       3       org.springframework.core.MethodParameter::setContainingClass (6 bytes)
Event: 16.916 Thread 0x00000000571de000 nmethod 4176 0x000000000347e4d0 code [0x000000000347e620, 0x000000000347e790]
Event: 16.980 Thread 0x00000000571de000 4178       3       jdk.internal.org.objectweb.asm.Frame::pop (53 bytes)
Event: 16.980 Thread 0x00000000571de000 nmethod 4178 0x000000000347e810 code [0x000000000347e9e0, 0x000000000347ef28]
Event: 16.981 Thread 0x00000000571de000 4179       3       java.util.SubList$1::hasNext (20 bytes)
Event: 16.981 Thread 0x00000000571de000 nmethod 4179 0x000000000347f190 code [0x000000000347f300, 0x000000000347f628]

GC Heap History (10 events):
Event: 6.232 GC heap before
{Heap before GC invocations=6 (full 1):
 PSYoungGen      total 138240K, used 5104K [0x00000000d5b00000, 0x00000000e7300000, 0x0000000100000000)
  eden space 133120K, 0% used [0x00000000d5b00000,0x00000000d5b00000,0x00000000ddd00000)
  from space 5120K, 99% used [0x00000000ddd00000,0x00000000de1fc310,0x00000000de200000)
  to   space 10240K, 0% used [0x00000000e6900000,0x00000000e6900000,0x00000000e7300000)
 ParOldGen       total 87552K, used 6389K [0x0000000081000000, 0x0000000086580000, 0x00000000d5b00000)
  object space 87552K, 7% used [0x0000000081000000,0x000000008163d5f0,0x0000000086580000)
 Metaspace       used 20682K, capacity 21190K, committed 21296K, reserved 1069056K
  class space    used 2529K, capacity 2678K, committed 2688K, reserved 1048576K
Event: 6.450 GC heap after
Heap after GC invocations=6 (full 1):
 PSYoungGen      total 138240K, used 0K [0x00000000d5b00000, 0x00000000e7300000, 0x0000000100000000)
  eden space 133120K, 0% used [0x00000000d5b00000,0x00000000d5b00000,0x00000000ddd00000)
  from space 5120K, 0% used [0x00000000ddd00000,0x00000000ddd00000,0x00000000de200000)
  to   space 10240K, 0% used [0x00000000e6900000,0x00000000e6900000,0x00000000e7300000)
 ParOldGen       total 51200K, used 7530K [0x0000000081000000, 0x0000000084200000, 0x00000000d5b00000)
  object space 51200K, 14% used [0x0000000081000000,0x000000008175a8e8,0x0000000084200000)
 Metaspace       used 20682K, capacity 21190K, committed 21296K, reserved 1069056K
  class space    used 2529K, capacity 2678K, committed 2688K, reserved 1048576K
}
Event: 8.303 GC heap before
{Heap before GC invocations=7 (full 1):
 PSYoungGen      total 138240K, used 133120K [0x00000000d5b00000, 0x00000000e7300000, 0x0000000100000000)
  eden space 133120K, 100% used [0x00000000d5b00000,0x00000000ddd00000,0x00000000ddd00000)
  from space 5120K, 0% used [0x00000000ddd00000,0x00000000ddd00000,0x00000000de200000)
  to   space 10240K, 0% used [0x00000000e6900000,0x00000000e6900000,0x00000000e7300000)
 ParOldGen       total 51200K, used 7530K [0x0000000081000000, 0x0000000084200000, 0x00000000d5b00000)
  object space 51200K, 14% used [0x0000000081000000,0x000000008175a8e8,0x0000000084200000)
 Metaspace       used 23687K, capacity 24438K, committed 24704K, reserved 1071104K
  class space    used 2931K, capacity 3094K, committed 3200K, reserved 1048576K
Event: 8.321 GC heap after
Heap after GC invocations=7 (full 1):
 PSYoungGen      total 241664K, used 4926K [0x00000000d5b00000, 0x00000000e6e00000, 0x0000000100000000)
  eden space 236544K, 0% used [0x00000000d5b00000,0x00000000d5b00000,0x00000000e4200000)
  from space 5120K, 96% used [0x00000000e6900000,0x00000000e6dcf910,0x00000000e6e00000)
  to   space 9728K, 0% used [0x00000000e5b00000,0x00000000e5b00000,0x00000000e6480000)
 ParOldGen       total 51200K, used 7538K [0x0000000081000000, 0x0000000084200000, 0x00000000d5b00000)
  object space 51200K, 14% used [0x0000000081000000,0x000000008175c8e8,0x0000000084200000)
 Metaspace       used 23687K, capacity 24438K, committed 24704K, reserved 1071104K
  class space    used 2931K, capacity 3094K, committed 3200K, reserved 1048576K
}
Event: 12.604 GC heap before
{Heap before GC invocations=8 (full 1):
 PSYoungGen      total 241664K, used 241470K [0x00000000d5b00000, 0x00000000e6e00000, 0x0000000100000000)
  eden space 236544K, 100% used [0x00000000d5b00000,0x00000000e4200000,0x00000000e4200000)
  from space 5120K, 96% used [0x00000000e6900000,0x00000000e6dcf910,0x00000000e6e00000)
  to   space 9728K, 0% used [0x00000000e5b00000,0x00000000e5b00000,0x00000000e6480000)
 ParOldGen       total 51200K, used 7538K [0x0000000081000000, 0x0000000084200000, 0x00000000d5b00000)
  object space 51200K, 14% used [0x0000000081000000,0x000000008175c8e8,0x0000000084200000)
 Metaspace       used 33290K, capacity 34336K, committed 34432K, reserved 1079296K
  class space    used 4234K, capacity 4448K, committed 4480K, reserved 1048576K
Event: 12.691 GC heap after
Heap after GC invocations=8 (full 1):
 PSYoungGen      total 271872K, used 9703K [0x00000000d5b00000, 0x00000000f0980000, 0x0000000100000000)
  eden space 262144K, 0% used [0x00000000d5b00000,0x00000000d5b00000,0x00000000e5b00000)
  from space 9728K, 99% used [0x00000000e5b00000,0x00000000e6479e10,0x00000000e6480000)
  to   space 15360K, 0% used [0x00000000efa80000,0x00000000efa80000,0x00000000f0980000)
 ParOldGen       total 51200K, used 15258K [0x0000000081000000, 0x0000000084200000, 0x00000000d5b00000)
  object space 51200K, 29% used [0x0000000081000000,0x0000000081ee6b38,0x0000000084200000)
 Metaspace       used 33290K, capacity 34336K, committed 34432K, reserved 1079296K
  class space    used 4234K, capacity 4448K, committed 4480K, reserved 1048576K
}
Event: 13.156 GC heap before
{Heap before GC invocations=9 (full 1):
 PSYoungGen      total 271872K, used 32414K [0x00000000d5b00000, 0x00000000f0980000, 0x0000000100000000)
  eden space 262144K, 8% used [0x00000000d5b00000,0x00000000d712dce0,0x00000000e5b00000)
  from space 9728K, 99% used [0x00000000e5b00000,0x00000000e6479e10,0x00000000e6480000)
  to   space 15360K, 0% used [0x00000000efa80000,0x00000000efa80000,0x00000000f0980000)
 ParOldGen       total 51200K, used 15258K [0x0000000081000000, 0x0000000084200000, 0x00000000d5b00000)
  object space 51200K, 29% used [0x0000000081000000,0x0000000081ee6b38,0x0000000084200000)
 Metaspace       used 34322K, capacity 35442K, committed 35496K, reserved 1081344K
  class space    used 4360K, capacity 4595K, committed 4608K, reserved 1048576K
Event: 13.218 GC heap after
Heap after GC invocations=9 (full 1):
 PSYoungGen      total 424960K, used 11285K [0x00000000d5b00000, 0x00000000f3900000, 0x0000000100000000)
  eden space 409600K, 0% used [0x00000000d5b00000,0x00000000d5b00000,0x00000000eeb00000)
  from space 15360K, 73% used [0x00000000efa80000,0x00000000f05855f8,0x00000000f0980000)
  to   space 15872K, 0% used [0x00000000eeb00000,0x00000000eeb00000,0x00000000efa80000)
 ParOldGen       total 51200K, used 15266K [0x0000000081000000, 0x0000000084200000, 0x00000000d5b00000)
  object space 51200K, 29% used [0x0000000081000000,0x0000000081ee8b38,0x0000000084200000)
 Metaspace       used 34322K, capacity 35442K, committed 35496K, reserved 1081344K
  class space    used 4360K, capacity 4595K, committed 4608K, reserved 1048576K
}
Event: 13.218 GC heap before
{Heap before GC invocations=10 (full 2):
 PSYoungGen      total 424960K, used 11285K [0x00000000d5b00000, 0x00000000f3900000, 0x0000000100000000)
  eden space 409600K, 0% used [0x00000000d5b00000,0x00000000d5b00000,0x00000000eeb00000)
  from space 15360K, 73% used [0x00000000efa80000,0x00000000f05855f8,0x00000000f0980000)
  to   space 15872K, 0% used [0x00000000eeb00000,0x00000000eeb00000,0x00000000efa80000)
 ParOldGen       total 51200K, used 15266K [0x0000000081000000, 0x0000000084200000, 0x00000000d5b00000)
  object space 51200K, 29% used [0x0000000081000000,0x0000000081ee8b38,0x0000000084200000)
 Metaspace       used 34322K, capacity 35442K, committed 35496K, reserved 1081344K
  class space    used 4360K, capacity 4595K, committed 4608K, reserved 1048576K
Event: 13.574 GC heap after
Heap after GC invocations=10 (full 2):
 PSYoungGen      total 424960K, used 0K [0x00000000d5b00000, 0x00000000f3900000, 0x0000000100000000)
  eden space 409600K, 0% used [0x00000000d5b00000,0x00000000d5b00000,0x00000000eeb00000)
  from space 15360K, 0% used [0x00000000efa80000,0x00000000efa80000,0x00000000f0980000)
  to   space 15872K, 0% used [0x00000000eeb00000,0x00000000eeb00000,0x00000000efa80000)
 ParOldGen       total 81408K, used 23371K [0x0000000081000000, 0x0000000085f80000, 0x00000000d5b00000)
  object space 81408K, 28% used [0x0000000081000000,0x00000000826d2ea0,0x0000000085f80000)
 Metaspace       used 34322K, capacity 35442K, committed 35496K, reserved 1081344K
  class space    used 4360K, capacity 4595K, committed 4608K, reserved 1048576K
}

Deoptimization events (10 events):
Event: 16.236 Thread 0x000000005976a000 Uncommon trap: reason=unstable_if action=reinterpret pc=0x0000000002c37500 method=java.util.HashMap.getNode(ILjava/lang/Object;)Ljava/util/HashMap$Node; @ 84
Event: 16.607 Thread 0x000000005976a000 Uncommon trap: reason=unstable_if action=reinterpret pc=0x00000000032d575c method=org.springframework.core.annotation.AnnotationUtils.isInterfaceWithAnnotatedMethods(Ljava/lang/Class;)Z @ 55
Event: 16.653 Thread 0x000000005976a000 Uncommon trap: reason=class_check action=maybe_recompile pc=0x000000000320875c method=org.springframework.beans.factory.support.AbstractBeanFactory.isTypeMatch(Ljava/lang/String;Lorg/springframework/core/ResolvableType;)Z @ 47
Event: 16.658 Thread 0x000000005976a000 Uncommon trap: reason=class_check action=maybe_recompile pc=0x000000000320875c method=org.springframework.beans.factory.support.AbstractBeanFactory.isTypeMatch(Ljava/lang/String;Lorg/springframework/core/ResolvableType;)Z @ 47
Event: 16.661 Thread 0x000000005976a000 Uncommon trap: reason=class_check action=maybe_recompile pc=0x000000000320875c method=org.springframework.beans.factory.support.AbstractBeanFactory.isTypeMatch(Ljava/lang/String;Lorg/springframework/core/ResolvableType;)Z @ 47
Event: 16.683 Thread 0x000000005976a000 Uncommon trap: reason=null_check action=make_not_entrant pc=0x00000000031f6228 method=org.springframework.util.ClassUtils.isAssignable(Ljava/lang/Class;Ljava/lang/Class;)Z @ 14
Event: 16.765 Thread 0x000000005976a000 Uncommon trap: reason=unstable_if action=reinterpret pc=0x0000000002fee4d8 method=sun.reflect.misc.ReflectUtil.isNonPublicProxyClass(Ljava/lang/Class;)Z @ 33
Event: 16.776 Thread 0x000000005976a000 Uncommon trap: reason=unstable_if action=reinterpret pc=0x0000000003254030 method=java.util.concurrent.ConcurrentHashMap.putVal(Ljava/lang/Object;Ljava/lang/Object;Z)Ljava/lang/Object; @ 331
Event: 16.813 Thread 0x000000005976a000 Uncommon trap: reason=unstable_if action=reinterpret pc=0x0000000002f98a50 method=java.util.concurrent.ConcurrentHashMap.transfer([Ljava/util/concurrent/ConcurrentHashMap$Node;[Ljava/util/concurrent/ConcurrentHashMap$Node;)V @ 356
Event: 16.827 Thread 0x000000005976a000 Uncommon trap: reason=class_check action=maybe_recompile pc=0x000000000320875c method=org.springframework.beans.factory.support.AbstractBeanFactory.isTypeMatch(Ljava/lang/String;Lorg/springframework/core/ResolvableType;)Z @ 47

Classes redefined (0 events):
No events

Internal exceptions (10 events):
Event: 16.823 Thread 0x000000005976a000 Exception <a 'java/lang/ClassNotFoundException': org/springframework/beans/factory/FactoryBeanCustomizer> (0x00000000dd7e6df8) thrown at [C:\re\workspace\8-2-build-windows-amd64-cygwin\jdk8u152\9742\hotspot\src\share\vm\classfile\systemDictionary.cpp, lin
Event: 16.823 Thread 0x000000005976a000 Exception <a 'java/lang/ClassNotFoundException': org/springframework/beans/factory/BeanClassLoaderAwareCustomizer> (0x00000000dd802c08) thrown at [C:\re\workspace\8-2-build-windows-amd64-cygwin\jdk8u152\9742\hotspot\src\share\vm\classfile\systemDictionary
Event: 16.824 Thread 0x000000005976a000 Exception <a 'java/lang/ClassNotFoundException': org/springframework/beans/factory/BeanFactoryAwareCustomizer> (0x00000000dd81b650) thrown at [C:\re\workspace\8-2-build-windows-amd64-cygwin\jdk8u152\9742\hotspot\src\share\vm\classfile\systemDictionary.cpp
Event: 16.824 Thread 0x000000005976a000 Exception <a 'java/lang/ClassNotFoundException': org/springframework/beans/factory/InitializingBeanCustomizer> (0x00000000dd8345f8) thrown at [C:\re\workspace\8-2-build-windows-amd64-cygwin\jdk8u152\9742\hotspot\src\share\vm\classfile\systemDictionary.cpp
Event: 16.825 Thread 0x000000005976a000 Exception <a 'java/lang/ClassNotFoundException': org/springframework/beans/factory/DisposableBeanCustomizer> (0x00000000dd84b798) thrown at [C:\re\workspace\8-2-build-windows-amd64-cygwin\jdk8u152\9742\hotspot\src\share\vm\classfile\systemDictionary.cpp, 
Event: 16.866 Thread 0x000000005976a000 Exception <a 'java/lang/ClassNotFoundException': java/lang/ObjectCustomizer> (0x00000000dd9fcf90) thrown at [C:\re\workspace\8-2-build-windows-amd64-cygwin\jdk8u152\9742\hotspot\src\share\vm\classfile\systemDictionary.cpp, line 210]
Event: 16.867 Thread 0x000000005976a000 Exception <a 'java/lang/ClassNotFoundException': milionerzy/model/QuestionCustomizer> (0x00000000dda137d0) thrown at [C:\re\workspace\8-2-build-windows-amd64-cygwin\jdk8u152\9742\hotspot\src\share\vm\classfile\systemDictionary.cpp, line 210]
Event: 16.891 Thread 0x000000005976a000 Exception <a 'java/lang/NoSuchMethodError': java.lang.Object.lambda$toStream$0(Ljava/util/Optional;)Ljava/util/stream/Stream;> (0x00000000ddb362b0) thrown at [C:\re\workspace\8-2-build-windows-amd64-cygwin\jdk8u152\9742\hotspot\src\share\vm\interpreter\li
Event: 16.892 Thread 0x000000005976a000 Exception <a 'java/lang/NoSuchMethodError': java.lang.Object.of(Ljava/lang/Object;)Ljava/util/stream/Stream;> (0x00000000ddb3d2a8) thrown at [C:\re\workspace\8-2-build-windows-amd64-cygwin\jdk8u152\9742\hotspot\src\share\vm\interpreter\linkResolver.cpp, l
Event: 16.892 Thread 0x000000005976a000 Exception <a 'java/lang/NoSuchMethodError': java.lang.Object.empty()Ljava/util/stream/Stream;> (0x00000000ddb402c8) thrown at [C:\re\workspace\8-2-build-windows-amd64-cygwin\jdk8u152\9742\hotspot\src\share\vm\interpreter\linkResolver.cpp, line 620]

Events (10 events):
Event: 16.990 loading class org/hibernate/internal/CoreMessageLogger_$logger_pl_PL
Event: 16.990 loading class org/hibernate/internal/CoreMessageLogger_$logger_pl_PL done
Event: 16.990 loading class org/hibernate/internal/CoreMessageLogger_$logger_pl
Event: 16.990 loading class org/hibernate/internal/CoreMessageLogger_$logger_pl done
Event: 16.990 loading class org/hibernate/resource/jdbc/internal/ResourceRegistryStandardImpl
Event: 16.990 loading class org/hibernate/resource/jdbc/internal/ResourceRegistryStandardImpl done
Event: 16.991 loading class org/hibernate/internal/CoreMessageLogger_$logger_pl_PL
Event: 16.991 loading class org/hibernate/internal/CoreMessageLogger_$logger_pl_PL done
Event: 16.991 loading class org/hibernate/internal/CoreMessageLogger_$logger_pl
Event: 16.991 loading class org/hibernate/internal/CoreMessageLogger_$logger_pl done


Dynamic libraries:
0x000000013fd60000 - 0x000000013fd97000 	C:\Program Files\Java\jdk1.8.0_152\bin\java.exe
0x0000000077c80000 - 0x0000000077e29000 	C:\Windows\SYSTEM32\ntdll.dll
0x0000000077b60000 - 0x0000000077c7f000 	C:\Windows\system32\kernel32.dll
0x000007fefdf30000 - 0x000007fefdf9b000 	C:\Windows\system32\KERNELBASE.dll
0x000007fefe140000 - 0x000007fefe21b000 	C:\Windows\system32\ADVAPI32.dll
0x000007feff7c0000 - 0x000007feff85f000 	C:\Windows\system32\msvcrt.dll
0x000007fefdff0000 - 0x000007fefe00f000 	C:\Windows\SYSTEM32\sechost.dll
0x000007fefe240000 - 0x000007fefe36d000 	C:\Windows\system32\RPCRT4.dll
0x0000000077a60000 - 0x0000000077b5a000 	C:\Windows\system32\USER32.dll
0x000007fefe370000 - 0x000007fefe3d7000 	C:\Windows\system32\GDI32.dll
0x000007fefe130000 - 0x000007fefe13e000 	C:\Windows\system32\LPK.dll
0x000007feff1a0000 - 0x000007feff269000 	C:\Windows\system32\USP10.dll
0x000007fefc200000 - 0x000007fefc3f4000 	C:\Windows\WinSxS\amd64_microsoft.windows.common-controls_6595b64144ccf1df_6.0.7601.17514_none_fa396087175ac9ac\COMCTL32.dll
0x000007fefe010000 - 0x000007fefe081000 	C:\Windows\system32\SHLWAPI.dll
0x000007feff170000 - 0x000007feff19e000 	C:\Windows\system32\IMM32.DLL
0x000007feff310000 - 0x000007feff419000 	C:\Windows\system32\MSCTF.dll
0x0000000072e50000 - 0x0000000072f22000 	C:\Program Files\Java\jdk1.8.0_152\jre\bin\msvcr100.dll
0x0000000068260000 - 0x0000000068b00000 	C:\Program Files\Java\jdk1.8.0_152\jre\bin\server\jvm.dll
0x000007fef2070000 - 0x000007fef2079000 	C:\Windows\system32\WSOCK32.dll
0x000007fefdfa0000 - 0x000007fefdfed000 	C:\Windows\system32\WS2_32.dll
0x000007feffd80000 - 0x000007feffd88000 	C:\Windows\system32\NSI.dll
0x000007fefaed0000 - 0x000007fefaf0b000 	C:\Windows\system32\WINMM.dll
0x000007fefcca0000 - 0x000007fefccac000 	C:\Windows\system32\VERSION.dll
0x0000000077e40000 - 0x0000000077e47000 	C:\Windows\system32\PSAPI.DLL
0x0000000073320000 - 0x000000007332f000 	C:\Program Files\Java\jdk1.8.0_152\jre\bin\verify.dll
0x0000000073160000 - 0x0000000073189000 	C:\Program Files\Java\jdk1.8.0_152\jre\bin\java.dll
0x0000000072e20000 - 0x0000000072e43000 	C:\Program Files\Java\jdk1.8.0_152\jre\bin\instrument.dll
0x0000000073140000 - 0x0000000073156000 	C:\Program Files\Java\jdk1.8.0_152\jre\bin\zip.dll
0x000007fefe3e0000 - 0x000007feff168000 	C:\Windows\system32\SHELL32.dll
0x000007feffb70000 - 0x000007feffd73000 	C:\Windows\system32\ole32.dll
0x000007fefdbd0000 - 0x000007fefdbdf000 	C:\Windows\system32\profapi.dll
0x000007fefa450000 - 0x000007fefa46a000 	C:\Program Files\JetBrains\IntelliJ IDEA Community Edition 2017.2.5\bin\breakgen64.dll
0x0000000072d10000 - 0x0000000072d2a000 	C:\Program Files\Java\jdk1.8.0_152\jre\bin\net.dll
0x000007fefd440000 - 0x000007fefd495000 	C:\Windows\system32\mswsock.dll
0x000007fefd430000 - 0x000007fefd437000 	C:\Windows\System32\wship6.dll
0x0000000072e10000 - 0x0000000072e1d000 	C:\Program Files\Java\jdk1.8.0_152\jre\bin\management.dll
0x000007fefc6a0000 - 0x000007fefc6b5000 	C:\Windows\system32\NLAapi.dll
0x000007feef7d0000 - 0x000007feef7e5000 	C:\Windows\system32\napinsp.dll
0x000007feef7b0000 - 0x000007feef7c9000 	C:\Windows\system32\pnrpnsp.dll
0x000007fefd2c0000 - 0x000007fefd31b000 	C:\Windows\system32\DNSAPI.dll
0x000007feef7a0000 - 0x000007feef7ab000 	C:\Windows\System32\winrnr.dll
0x000007feef790000 - 0x000007feef7a0000 	C:\Windows\system32\wshbth.dll
0x000007fefcd70000 - 0x000007fefcd77000 	C:\Windows\System32\wshtcpip.dll
0x000007fefc130000 - 0x000007fefc157000 	C:\Windows\system32\IPHLPAPI.DLL
0x000007fefc120000 - 0x000007fefc12b000 	C:\Windows\system32\WINNSI.DLL
0x000007fee9490000 - 0x000007fee9498000 	C:\Windows\system32\rasadhlp.dll
0x000007fefbfa0000 - 0x000007fefbff3000 	C:\Windows\System32\fwpuclnt.dll
0x0000000070ee0000 - 0x0000000070ef1000 	C:\Program Files\Java\jdk1.8.0_152\jre\bin\nio.dll
0x000007fefd4a0000 - 0x000007fefd4b7000 	C:\Windows\system32\CRYPTSP.dll
0x000007fefd1a0000 - 0x000007fefd1e7000 	C:\Windows\system32\rsaenh.dll
0x000007fefcf20000 - 0x000007fefcf3e000 	C:\Windows\system32\USERENV.dll
0x000007fefdb00000 - 0x000007fefdb0f000 	C:\Windows\system32\CRYPTBASE.dll
0x000007fefbe70000 - 0x000007fefbe88000 	C:\Windows\system32\dhcpcsvc.DLL
0x000007fefbe50000 - 0x000007fefbe61000 	C:\Windows\system32\dhcpcsvc6.DLL
0x000007fef1f20000 - 0x000007fef2045000 	C:\Windows\system32\dbghelp.dll

VM Arguments:
jvm_args: -javaagent:C:\Program Files\JetBrains\IntelliJ IDEA Community Edition 2017.2.5\lib\idea_rt.jar=49828:C:\Program Files\JetBrains\IntelliJ IDEA Community Edition 2017.2.5\bin -Dfile.encoding=UTF-8 
java_command: milionerzy.MilionerzyApplication
java_class_path (initial): C:\Program Files\Java\jdk1.8.0_152\jre\lib\charsets.jar;C:\Program Files\Java\jdk1.8.0_152\jre\lib\deploy.jar;C:\Program Files\Java\jdk1.8.0_152\jre\lib\ext\access-bridge-64.jar;C:\Program Files\Java\jdk1.8.0_152\jre\lib\ext\cldrdata.jar;C:\Program Files\Java\jdk1.8.0_152\jre\lib\ext\dnsns.jar;C:\Program Files\Java\jdk1.8.0_152\jre\lib\ext\jaccess.jar;C:\Program Files\Java\jdk1.8.0_152\jre\lib\ext\jfxrt.jar;C:\Program Files\Java\jdk1.8.0_152\jre\lib\ext\localedata.jar;C:\Program Files\Java\jdk1.8.0_152\jre\lib\ext\nashorn.jar;C:\Program Files\Java\jdk1.8.0_152\jre\lib\ext\sunec.jar;C:\Program Files\Java\jdk1.8.0_152\jre\lib\ext\sunjce_provider.jar;C:\Program Files\Java\jdk1.8.0_152\jre\lib\ext\sunmscapi.jar;C:\Program Files\Java\jdk1.8.0_152\jre\lib\ext\sunpkcs11.jar;C:\Program Files\Java\jdk1.8.0_152\jre\lib\ext\zipfs.jar;C:\Program Files\Java\jdk1.8.0_152\jre\lib\javaws.jar;C:\Program Files\Java\jdk1.8.0_152\jre\lib\jce.jar;C:\Program Files\Java\jdk1.8.0_152\jre\lib\jfr.jar;C:\Program Files\Java\jdk1.8.0_152\jre\lib\jfxswt.jar;C:\Program Files\Java\jdk1.8.0_152\jre\lib\jsse.jar;C:\Program Files\Java\jdk1.8.0_152\jre\lib\management-agent.jar;C:\Program Files\Java\jdk1.8.0_152\jre\lib\plugin.jar;C:\Program Files\Java\jdk1.8.0_152\jre\lib\resources.jar;C:\Program Files\Java\jdk1.8.0_152\jre\lib\rt.jar;C:\Users\Piotr\Desktop\milionerzySpr\target\classes;C:\Users\Piotr\.m2\repository\org\springframework\boot\spring-boot-starter-data-jpa\2.0.0.M6\spring-boot-starter-data-jpa-2.0.0.M6.jar;C:\Users\Piotr\.m2\repository\org\springframework\boot\spring-boot-starter\2.0.0.M6\spring-boot-starter-2.0.0.M6.jar;C:\Users\Piotr\.m2\repository\org\springframework\boot\spring-boot-starter-logging\2.0.0.M6\spring-boot-starter-logging-2.0.0.M6.jar;C:\Users\Piotr\.m2\repository\ch\qos\logback\logback-classic\1.2.3\logback-classic-1.2.3.jar;C:\Users\Piotr\.m2\repository\ch\qos\logback\logback-core\1.2.3\logback-core-1.2.3.jar;C:\Users\Piotr\.m2\repository\or
Launcher Type: SUN_STANDARD

Environment Variables:
PATH=C:\ProgramData\Oracle\Java\javapath;C:\Program Files (x86)\NVIDIA Corporation\PhysX\Common;C:\Windows\system32;C:\Windows;C:\Windows\System32\Wbem;C:\Windows\System32\WindowsPowerShell\v1.0\;C:\Program Files\Microsoft SQL Server\120\Tools\Binn\;C:\Program Files\Microsoft SQL Server\130\Tools\Binn\;C:\Program Files\Microsoft SQL Server\Client SDK\ODBC\110\Tools\Binn\;C:\Program Files (x86)\Microsoft SQL Server\120\Tools\Binn\;C:\Program Files\Microsoft SQL Server\120\DTS\Binn\;C:\Program Files (x86)\Microsoft SQL Server\120\Tools\Binn\ManagementStudio\;C:\Program Files (x86)\Microsoft SQL Server\120\DTS\Binn\;C:\Program Files (x86)\Windows Kits\8.1\Windows Performance Toolkit\;C:\Program Files (x86)\QuickTime\QTSystem\;C:\Program Files\MySQL\MySQL Utilities 1.6\;C:\Program Files\Git\cmd;C:\Program Files\Heroku\bin
USERNAME=Piotr
OS=Windows_NT
PROCESSOR_IDENTIFIER=Intel64 Family 6 Model 23 Stepping 6, GenuineIntel



---------------  S Y S T E M  ---------------

OS: Windows 7 , 64 bit Build 7601 (6.1.7601.17514)

CPU:total 2 (initial active 2) (2 cores per cpu, 1 threads per core) family 6 model 23 stepping 6, cmov, cx8, fxsr, mmx, sse, sse2, sse3, ssse3, sse4.1, tsc

Memory: 4k page, physical 8317792k(4908092k free), swap 14288908k(9861732k free)

vm_info: Java HotSpot(TM) 64-Bit Server VM (25.152-b16) for windows-amd64 JRE (1.8.0_152-b16), built on Sep 14 2017 02:29:36 by "java_re" with MS VC++ 10.0 (VS2010)

time: Thu Nov 16 15:24:14 2017
elapsed time: 17 seconds (0d 0h 0m 17s)

