#
# A fatal error has been detected by the Java Runtime Environment:
#
#  EXCEPTION_ACCESS_VIOLATION (0xc0000005) at pc=0x0000000068826859, pid=3520, tid=0x0000000000000f3c
#
# JRE version: Java(TM) SE Runtime Environment (8.0_152-b16) (build 1.8.0_152-b16)
# Java VM: Java HotSpot(TM) 64-Bit Server VM (25.152-b16 mixed mode windows-amd64 compressed oops)
# Problematic frame:
# V  [jvm.dll+0x466859]
#
# Failed to write core dump. Minidumps are not enabled by default on client versions of Windows
#
# If you would like to submit a bug report, please visit:
#   http://bugreport.java.com/bugreport/crash.jsp
#

---------------  T H R E A D  ---------------

Current thread (0x0000000058731000):  JavaThread "C2 CompilerThread0" daemon [_thread_in_native, id=3900, stack(0x00000000589e0000,0x0000000058ae0000)]

siginfo: ExceptionCode=0xc0000005, reading address 0x00000000c5243cf0

Registers:
RAX=0x000000005c809340, RBX=0x0000000000000000, RCX=0x0000000068a3a9b0, RDX=0x0000000000000a29
RSP=0x0000000058adbd20, RBP=0xffffffffffffffff, RSI=0x000000005a948310, RDI=0x000000005a2f6d00
R8 =0x00000000ffffffff, R9 =0x0000000000000001, R10=0x0000000068be0fa0, R11=0x00000000683c0000
R12=0x000000005c8e0f60, R13=0x000000005f5b8a40, R14=0x00000000683c0000, R15=0x0000000000000002
RIP=0x0000000068826859, EFLAGS=0x0000000000010287

Top of Stack: (sp=0x0000000058adbd20)
0x0000000058adbd20:   00000000000029c0 0000000058674700
0x0000000058adbd30:   000000005a2a6f90 00000000002aa6b0
0x0000000058adbd40:   000000025a2a6fe0 000000005a2aef78
0x0000000058adbd50:   0000000068a3a9b0 0000000058674700
0x0000000058adbd60:   0000000000000020 000000005c8df150
0x0000000058adbd70:   0000000058adbe40 00000000000003d8
0x0000000058adbd80:   000000005a04ee68 000000005a04ea90
0x0000000058adbd90:   0000000000000000 000000005a04ea80
0x0000000058adbda0:   0000000058adbec0 0000000058adc130
0x0000000058adbdb0:   0000000058adc240 0000000068829ba8
0x0000000058adbdc0:   0000000000000000 0000000000000001
0x0000000058adbdd0:   00000000ffffffff 0000000000000001
0x0000000058adbde0:   0000000000000002 000000005a04ea80
0x0000000058adbdf0:   000000005c699f10 000000005c69abe0
0x0000000058adbe00:   000000005c6a1ef8 0000000000568500
0x0000000058adbe10:   0000000000000002 000000005c3a0cf0 

Instructions: (pc=0x0000000068826859)
0x0000000068826839:   00 00 00 39 47 28 0f 86 c5 05 00 00 b9 08 00 00
0x0000000068826849:   00 48 89 4c 24 30 90 3b 47 18 73 0a 48 8b 47 20
0x0000000068826859:   48 8b 34 01 eb 02 33 f6 0f b6 46 2c 41 bf 01 00
0x0000000068826869:   00 00 24 03 3c 02 75 0f 48 8b 06 48 8b ce ff 90 


Register to memory mapping:

RAX=0x000000005c809340 is an unknown value
RBX=0x0000000000000000 is an unknown value
RCX=0x0000000068a3a9b0 is an unknown value
RDX=0x0000000000000a29 is an unknown value
RSP=0x0000000058adbd20 is pointing into the stack for thread: 0x0000000058731000
RBP=0xffffffffffffffff is an unknown value
RSI=0x000000005a948310 is an unknown value
RDI=0x000000005a2f6d00 is an unknown value
R8 =0x00000000ffffffff is an unallocated location in the heap
R9 =0x0000000000000001 is an unknown value
R10=0x0000000068be0fa0 is an unknown value
R11=0x00000000683c0000 is an unknown value
R12=0x000000005c8e0f60 is an unknown value
R13=0x000000005f5b8a40 is an unknown value
R14=0x00000000683c0000 is an unknown value
R15=0x0000000000000002 is an unknown value


Stack: [0x00000000589e0000,0x0000000058ae0000],  sp=0x0000000058adbd20,  free space=1007k
Native frames: (J=compiled Java code, j=interpreted, Vv=VM code, C=native code)
V  [jvm.dll+0x466859]
V  [jvm.dll+0x469ba8]
V  [jvm.dll+0x47512b]
V  [jvm.dll+0x477a37]
V  [jvm.dll+0x45a2b2]
V  [jvm.dll+0xa6012]
V  [jvm.dll+0xa694f]
V  [jvm.dll+0x24553f]
V  [jvm.dll+0x29d0ba]
C  [msvcr100.dll+0x21d9f]
C  [msvcr100.dll+0x21e3b]
C  [kernel32.dll+0x1652d]
C  [ntdll.dll+0x2c521]


Current CompileTask:
C2:  21538 4500       4       org.springframework.core.annotation.AnnotationUtils::postProcessAnnotationAttributes (460 bytes)


---------------  P R O C E S S  ---------------

Java Threads: ( => current thread )
  0x000000005cb2f000 JavaThread "http-nio-8080-exec-10" daemon [_thread_new, id=1980, stack(0x0000000000000000,0x0000000000000000)]
  0x000000005cb2e800 JavaThread "http-nio-8080-exec-9" daemon [_thread_blocked, id=4364, stack(0x0000000060e60000,0x0000000060f60000)]
  0x000000005cb2d800 JavaThread "http-nio-8080-exec-8" daemon [_thread_new, id=4088, stack(0x0000000000000000,0x0000000000000000)]
  0x000000005cb2d000 JavaThread "http-nio-8080-exec-7" daemon [_thread_blocked, id=2960, stack(0x0000000060ad0000,0x0000000060bd0000)]
  0x000000005cb2c000 JavaThread "http-nio-8080-exec-6" daemon [_thread_new, id=608, stack(0x0000000000000000,0x0000000000000000)]
  0x000000005c4f8000 JavaThread "http-nio-8080-exec-5" daemon [_thread_blocked, id=4368, stack(0x00000000607f0000,0x00000000608f0000)]
  0x000000005c4f7000 JavaThread "http-nio-8080-exec-4" daemon [_thread_new, id=1680, stack(0x0000000000000000,0x0000000000000000)]
  0x000000005c4f6800 JavaThread "http-nio-8080-exec-3" daemon [_thread_blocked, id=4872, stack(0x0000000060590000,0x0000000060690000)]
  0x000000005c4f5800 JavaThread "http-nio-8080-exec-2" daemon [_thread_new, id=2732, stack(0x0000000000000000,0x0000000000000000)]
  0x000000005c4f5000 JavaThread "http-nio-8080-exec-1" daemon [_thread_blocked, id=4436, stack(0x000000005dec0000,0x000000005dfc0000)]
  0x000000005c4f4000 JavaThread "NioBlockingSelector.BlockPoller-1" daemon [_thread_new, id=4352, stack(0x0000000000000000,0x0000000000000000)]
  0x000000005c4f3800 JavaThread "Live Reload Server" daemon [_thread_in_native, id=1596, stack(0x00000000598e0000,0x00000000599e0000)]
  0x000000005c4f2800 JavaThread "File Watcher" daemon [_thread_blocked, id=1136, stack(0x0000000060220000,0x0000000060320000)]
  0x000000005c4f2000 JavaThread "testdb connection adder" daemon [_thread_blocked, id=4508, stack(0x000000005e350000,0x000000005e450000)]
  0x000000005c4f1000 JavaThread "testdb housekeeper" daemon [_thread_blocked, id=4564, stack(0x000000005e180000,0x000000005e280000)]
  0x000000005c1ff800 JavaThread "Abandoned connection cleanup thread" daemon [_thread_blocked, id=1660, stack(0x000000005dbc0000,0x000000005dcc0000)]
  0x000000005a64c800 JavaThread "container-0" [_thread_blocked, id=4580, stack(0x000000005d990000,0x000000005da90000)]
  0x00000000594d8000 JavaThread "ContainerBackgroundProcessor[StandardEngine[Tomcat]]" daemon [_thread_blocked, id=4560, stack(0x000000005d7b0000,0x000000005d8b0000)]
  0x000000005a962000 JavaThread "localhost-startStop-1" daemon [_thread_blocked, id=4592, stack(0x000000005d630000,0x000000005d730000)]
  0x000000005a961800 JavaThread "Tomcat-startStop-1" daemon [_thread_blocked, id=4588, stack(0x000000005afe0000,0x000000005b0e0000)]
  0x00000000597d5800 JavaThread "restartedMain" [_thread_in_vm, id=2612, stack(0x0000000059b30000,0x0000000059c30000)]
  0x000000005939d000 JavaThread "Thread-0" [_thread_blocked, id=2416, stack(0x0000000059a00000,0x0000000059b00000)]
  0x00000000587ce000 JavaThread "Service Thread" daemon [_thread_blocked, id=3760, stack(0x0000000058dc0000,0x0000000058ec0000)]
  0x00000000587c9000 JavaThread "C1 CompilerThread1" daemon [_thread_blocked, id=3956, stack(0x0000000058060000,0x0000000058160000)]
=>0x0000000058731000 JavaThread "C2 CompilerThread0" daemon [_thread_in_native, id=3900, stack(0x00000000589e0000,0x0000000058ae0000)]
  0x000000005872f800 JavaThread "Monitor Ctrl-Break" daemon [_thread_in_native, id=1184, stack(0x0000000058880000,0x0000000058980000)]
  0x0000000057240000 JavaThread "Attach Listener" daemon [_thread_blocked, id=3244, stack(0x0000000058350000,0x0000000058450000)]
  0x0000000057247800 JavaThread "Signal Dispatcher" daemon [_thread_blocked, id=3932, stack(0x0000000058180000,0x0000000058280000)]
  0x0000000057225000 JavaThread "Finalizer" daemon [_thread_blocked, id=2404, stack(0x0000000057e30000,0x0000000057f30000)]
  0x00000000571db800 JavaThread "Reference Handler" daemon [_thread_blocked, id=3860, stack(0x0000000057b20000,0x0000000057c20000)]
  0x00000000021a3800 JavaThread "main" [_thread_blocked, id=1036, stack(0x00000000022d0000,0x00000000023d0000)]

Other Threads:
  0x00000000571d3800 VMThread [stack: 0x0000000057cc0000,0x0000000057dc0000] [id=3248]
  0x000000005881d000 WatcherThread [stack: 0x0000000058fb0000,0x00000000590b0000] [id=4500]

VM state:not at safepoint (normal execution)

VM Mutex/Monitor currently owned by a thread:  ([mutex/lock_event])
[0x00000000021a1a30] Threads_lock - owner thread: 0x00000000597d5800

Heap:
 PSYoungGen      total 230912K, used 168750K [0x00000000d5b00000, 0x00000000e5000000, 0x0000000100000000)
  eden space 217600K, 71% used [0x00000000d5b00000,0x00000000df2d35e8,0x00000000e2f80000)
  from space 13312K, 99% used [0x00000000e4300000,0x00000000e4ff8278,0x00000000e5000000)
  to   space 16384K, 0% used [0x00000000e3000000,0x00000000e3000000,0x00000000e4000000)
 ParOldGen       total 88064K, used 22519K [0x0000000081000000, 0x0000000086600000, 0x00000000d5b00000)
  object space 88064K, 25% used [0x0000000081000000,0x00000000825fdc78,0x0000000086600000)
 Metaspace       used 51991K, capacity 53723K, committed 53888K, reserved 1095680K
  class space    used 6830K, capacity 7198K, committed 7296K, reserved 1048576K

Card table byte_map: [0x0000000011b60000,0x0000000011f60000] byte_map_base: 0x0000000011758000

Marking Bits: (ParMarkBitMap*) 0x0000000068be0860
 Begin Bits: [0x0000000012520000, 0x00000000144e0000)
 End Bits:   [0x00000000144e0000, 0x00000000164a0000)

Polling page: 0x0000000000240000

CodeCache: size=245760Kb used=14404Kb max_used=14404Kb free=231355Kb
 bounds [0x00000000027a0000, 0x00000000035c0000, 0x00000000117a0000]
 total_blobs=4612 nmethods=4085 adapters=441
 compilation: enabled

Compilation events (10 events):
Event: 21.463 Thread 0x00000000587c9000 4604       2       org.apache.tomcat.util.modeler.ManagedBean$1::<init> (10 bytes)
Event: 21.463 Thread 0x00000000587c9000 nmethod 4604 0x00000000035b9ad0 code [0x00000000035b9c20, 0x00000000035b9d90]
Event: 21.463 Thread 0x00000000587c9000 4605       2       org.apache.tomcat.util.buf.StringUtils::join (11 bytes)
Event: 21.463 Thread 0x00000000587c9000 nmethod 4605 0x00000000035b9e10 code [0x00000000035b9f80, 0x00000000035ba218]
Event: 21.464 Thread 0x00000000587c9000 4606       2       org.apache.tomcat.util.modeler.OperationInfo::createOperationInfo (93 bytes)
Event: 21.464 Thread 0x00000000587c9000 nmethod 4606 0x00000000035ba3d0 code [0x00000000035ba580, 0x00000000035ba948]
Event: 21.468 Thread 0x00000000587c9000 4607       1       org.apache.tomcat.util.modeler.ManagedBean::getType (5 bytes)
Event: 21.468 Thread 0x00000000587c9000 nmethod 4607 0x00000000035baad0 code [0x00000000035bac20, 0x00000000035bad30]
Event: 21.481 Thread 0x00000000587c9000 4609       2       java.util.Vector::<init> (7 bytes)
Event: 21.482 Thread 0x00000000587c9000 nmethod 4609 0x00000000035bb910 code [0x00000000035bba80, 0x00000000035bbc08]

GC Heap History (10 events):
Event: 8.317 GC heap before
{Heap before GC invocations=8 (full 1):
 PSYoungGen      total 111104K, used 110830K [0x00000000d5b00000, 0x00000000de800000, 0x0000000100000000)
  eden space 108032K, 100% used [0x00000000d5b00000,0x00000000dc480000,0x00000000dc480000)
  from space 3072K, 91% used [0x00000000de500000,0x00000000de7bba10,0x00000000de800000)
  to   space 8192K, 0% used [0x00000000dd800000,0x00000000dd800000,0x00000000de000000)
 ParOldGen       total 52736K, used 6082K [0x0000000081000000, 0x0000000084380000, 0x00000000d5b00000)
  object space 52736K, 11% used [0x0000000081000000,0x00000000815f0810,0x0000000084380000)
 Metaspace       used 24164K, capacity 24865K, committed 24960K, reserved 1071104K
  class space    used 3010K, capacity 3166K, committed 3200K, reserved 1048576K
Event: 8.328 GC heap after
Heap after GC invocations=8 (full 1):
 PSYoungGen      total 136192K, used 5370K [0x00000000d5b00000, 0x00000000e1080000, 0x0000000100000000)
  eden space 128000K, 0% used [0x00000000d5b00000,0x00000000d5b00000,0x00000000dd800000)
  from space 8192K, 65% used [0x00000000dd800000,0x00000000ddd3e868,0x00000000de000000)
  to   space 8192K, 0% used [0x00000000e0880000,0x00000000e0880000,0x00000000e1080000)
 ParOldGen       total 52736K, used 6090K [0x0000000081000000, 0x0000000084380000, 0x00000000d5b00000)
  object space 52736K, 11% used [0x0000000081000000,0x00000000815f2810,0x0000000084380000)
 Metaspace       used 24164K, capacity 24865K, committed 24960K, reserved 1071104K
  class space    used 3010K, capacity 3166K, committed 3200K, reserved 1048576K
}
Event: 12.022 GC heap before
{Heap before GC invocations=9 (full 1):
 PSYoungGen      total 136192K, used 133370K [0x00000000d5b00000, 0x00000000e1080000, 0x0000000100000000)
  eden space 128000K, 100% used [0x00000000d5b00000,0x00000000dd800000,0x00000000dd800000)
  from space 8192K, 65% used [0x00000000dd800000,0x00000000ddd3e868,0x00000000de000000)
  to   space 8192K, 0% used [0x00000000e0880000,0x00000000e0880000,0x00000000e1080000)
 ParOldGen       total 52736K, used 6090K [0x0000000081000000, 0x0000000084380000, 0x00000000d5b00000)
  object space 52736K, 11% used [0x0000000081000000,0x00000000815f2810,0x0000000084380000)
 Metaspace       used 31948K, capacity 32997K, committed 33280K, reserved 1079296K
  class space    used 4073K, capacity 4313K, committed 4352K, reserved 1048576K
Event: 12.073 GC heap after
Heap after GC invocations=9 (full 1):
 PSYoungGen      total 173568K, used 8179K [0x00000000d5b00000, 0x00000000e3180000, 0x0000000100000000)
  eden space 165376K, 0% used [0x00000000d5b00000,0x00000000d5b00000,0x00000000dfc80000)
  from space 8192K, 99% used [0x00000000e0880000,0x00000000e107cef0,0x00000000e1080000)
  to   space 12288K, 0% used [0x00000000dfc80000,0x00000000dfc80000,0x00000000e0880000)
 ParOldGen       total 52736K, used 12968K [0x0000000081000000, 0x0000000084380000, 0x00000000d5b00000)
  object space 52736K, 24% used [0x0000000081000000,0x0000000081caa130,0x0000000084380000)
 Metaspace       used 31948K, capacity 32997K, committed 33280K, reserved 1079296K
  class space    used 4073K, capacity 4313K, committed 4352K, reserved 1048576K
}
Event: 14.171 GC heap before
{Heap before GC invocations=10 (full 1):
 PSYoungGen      total 173568K, used 125880K [0x00000000d5b00000, 0x00000000e3180000, 0x0000000100000000)
  eden space 165376K, 71% used [0x00000000d5b00000,0x00000000dcdf1230,0x00000000dfc80000)
  from space 8192K, 99% used [0x00000000e0880000,0x00000000e107cef0,0x00000000e1080000)
  to   space 12288K, 0% used [0x00000000dfc80000,0x00000000dfc80000,0x00000000e0880000)
 ParOldGen       total 52736K, used 12968K [0x0000000081000000, 0x0000000084380000, 0x00000000d5b00000)
  object space 52736K, 24% used [0x0000000081000000,0x0000000081caa130,0x0000000084380000)
 Metaspace       used 34328K, capacity 35435K, committed 35496K, reserved 1081344K
  class space    used 4364K, capacity 4596K, committed 4608K, reserved 1048576K
Event: 14.330 GC heap after
Heap after GC invocations=10 (full 1):
 PSYoungGen      total 177664K, used 10791K [0x00000000d5b00000, 0x00000000e5000000, 0x0000000100000000)
  eden space 165376K, 0% used [0x00000000d5b00000,0x00000000d5b00000,0x00000000dfc80000)
  from space 12288K, 87% used [0x00000000dfc80000,0x00000000e0709fa8,0x00000000e0880000)
  to   space 13312K, 0% used [0x00000000e4300000,0x00000000e4300000,0x00000000e5000000)
 ParOldGen       total 52736K, used 14232K [0x0000000081000000, 0x0000000084380000, 0x00000000d5b00000)
  object space 52736K, 26% used [0x0000000081000000,0x0000000081de6130,0x0000000084380000)
 Metaspace       used 34328K, capacity 35435K, committed 35496K, reserved 1081344K
  class space    used 4364K, capacity 4596K, committed 4608K, reserved 1048576K
}
Event: 14.330 GC heap before
{Heap before GC invocations=11 (full 2):
 PSYoungGen      total 177664K, used 10791K [0x00000000d5b00000, 0x00000000e5000000, 0x0000000100000000)
  eden space 165376K, 0% used [0x00000000d5b00000,0x00000000d5b00000,0x00000000dfc80000)
  from space 12288K, 87% used [0x00000000dfc80000,0x00000000e0709fa8,0x00000000e0880000)
  to   space 13312K, 0% used [0x00000000e4300000,0x00000000e4300000,0x00000000e5000000)
 ParOldGen       total 52736K, used 14232K [0x0000000081000000, 0x0000000084380000, 0x00000000d5b00000)
  object space 52736K, 26% used [0x0000000081000000,0x0000000081de6130,0x0000000084380000)
 Metaspace       used 34328K, capacity 35435K, committed 35496K, reserved 1081344K
  class space    used 4364K, capacity 4596K, committed 4608K, reserved 1048576K
Event: 14.660 GC heap after
Heap after GC invocations=11 (full 2):
 PSYoungGen      total 177664K, used 0K [0x00000000d5b00000, 0x00000000e5000000, 0x0000000100000000)
  eden space 165376K, 0% used [0x00000000d5b00000,0x00000000d5b00000,0x00000000dfc80000)
  from space 12288K, 0% used [0x00000000dfc80000,0x00000000dfc80000,0x00000000e0880000)
  to   space 13312K, 0% used [0x00000000e4300000,0x00000000e4300000,0x00000000e5000000)
 ParOldGen       total 88064K, used 18980K [0x0000000081000000, 0x0000000086600000, 0x00000000d5b00000)
  object space 88064K, 21% used [0x0000000081000000,0x0000000082289360,0x0000000086600000)
 Metaspace       used 34328K, capacity 35435K, committed 35496K, reserved 1081344K
  class space    used 4364K, capacity 4596K, committed 4608K, reserved 1048576K
}
Event: 18.895 GC heap before
{Heap before GC invocations=12 (full 2):
 PSYoungGen      total 177664K, used 165376K [0x00000000d5b00000, 0x00000000e5000000, 0x0000000100000000)
  eden space 165376K, 100% used [0x00000000d5b00000,0x00000000dfc80000,0x00000000dfc80000)
  from space 12288K, 0% used [0x00000000dfc80000,0x00000000dfc80000,0x00000000e0880000)
  to   space 13312K, 0% used [0x00000000e4300000,0x00000000e4300000,0x00000000e5000000)
 ParOldGen       total 88064K, used 18980K [0x0000000081000000, 0x0000000086600000, 0x00000000d5b00000)
  object space 88064K, 21% used [0x0000000081000000,0x0000000082289360,0x0000000086600000)
 Metaspace       used 49180K, capacity 50797K, committed 50944K, reserved 1093632K
  class space    used 6466K, capacity 6793K, committed 6912K, reserved 1048576K
Event: 18.986 GC heap after
Heap after GC invocations=12 (full 2):
 PSYoungGen      total 230912K, used 13280K [0x00000000d5b00000, 0x00000000e5000000, 0x0000000100000000)
  eden space 217600K, 0% used [0x00000000d5b00000,0x00000000d5b00000,0x00000000e2f80000)
  from space 13312K, 99% used [0x00000000e4300000,0x00000000e4ff8278,0x00000000e5000000)
  to   space 16384K, 0% used [0x00000000e3000000,0x00000000e3000000,0x00000000e4000000)
 ParOldGen       total 88064K, used 22519K [0x0000000081000000, 0x0000000086600000, 0x00000000d5b00000)
  object space 88064K, 25% used [0x0000000081000000,0x00000000825fdc78,0x0000000086600000)
 Metaspace       used 49180K, capacity 50797K, committed 50944K, reserved 1093632K
  class space    used 6466K, capacity 6793K, committed 6912K, reserved 1048576K
}

Deoptimization events (10 events):
Event: 19.565 Thread 0x00000000597d5800 Uncommon trap: reason=class_check action=maybe_recompile pc=0x00000000032dd550 method=org.springframework.core.ResolvableType.calculateHashCode()I @ 23
Event: 19.627 Thread 0x00000000597d5800 Uncommon trap: reason=class_check action=maybe_recompile pc=0x00000000032dd550 method=org.springframework.core.ResolvableType.calculateHashCode()I @ 23
Event: 19.644 Thread 0x00000000597d5800 Uncommon trap: reason=unstable_if action=reinterpret pc=0x0000000002f95ea4 method=java.util.concurrent.ConcurrentHashMap.transfer([Ljava/util/concurrent/ConcurrentHashMap$Node;[Ljava/util/concurrent/ConcurrentHashMap$Node;)V @ 356
Event: 19.906 Thread 0x00000000597d5800 Uncommon trap: reason=unstable_if action=reinterpret pc=0x0000000002e63c78 method=org.springframework.util.ConcurrentReferenceHashMap$Segment.restructureIfNecessary(Z)V @ 33
Event: 19.906 Thread 0x00000000597d5800 Uncommon trap: reason=class_check action=maybe_recompile pc=0x000000000343d88c method=org.springframework.util.ConcurrentReferenceHashMap$Segment.findInChain(Lorg/springframework/util/ConcurrentReferenceHashMap$Reference;Ljava/lang/Object;I)Lorg/springfra
Event: 21.321 Thread 0x00000000597d5800 Uncommon trap: reason=unstable_if action=reinterpret pc=0x0000000003150658 method=java.lang.Class$MethodArray.addIfNotPresent(Ljava/lang/reflect/Method;)V @ 19
Event: 21.440 Thread 0x00000000597d5800 Uncommon trap: reason=unstable_if action=reinterpret pc=0x0000000002efdb28 method=org.springframework.util.ConcurrentReferenceHashMap$Segment.clear()V @ 4
Event: 21.440 Thread 0x00000000597d5800 Uncommon trap: reason=unstable_if action=reinterpret pc=0x0000000002b0ce84 method=org.springframework.util.ConcurrentReferenceHashMap$Segment.clear()V @ 4
Event: 21.481 Thread 0x00000000597d5800 Uncommon trap: reason=class_check action=maybe_recompile pc=0x00000000030c1b04 method=java.util.AbstractList$Itr.hasNext()Z @ 8
Event: 21.481 Thread 0x00000000597d5800 Uncommon trap: reason=class_check action=maybe_recompile pc=0x00000000031dd434 method=java.util.AbstractList$Itr.next()Ljava/lang/Object; @ 14

Classes redefined (0 events):
No events

Internal exceptions (10 events):
Event: 20.977 Thread 0x00000000597d5800 Exception <a 'java/lang/ClassNotFoundException': org/springframework/context/annotation/ConfigurationClassEnhancer$EnhancedConfigurationCustomizer> (0x00000000dd957ee8) thrown at [C:\re\workspace\8-2-build-windows-amd64-cygwin\jdk8u152\9742\hotspot\src\sh
Event: 20.991 Thread 0x00000000597d5800 Exception <a 'java/lang/ClassNotFoundException': java/lang/ObjectCustomizer> (0x00000000dda3b6f8) thrown at [C:\re\workspace\8-2-build-windows-amd64-cygwin\jdk8u152\9742\hotspot\src\share\vm\classfile\systemDictionary.cpp, line 210]
Event: 20.991 Thread 0x00000000597d5800 Exception <a 'java/lang/ClassNotFoundException': org/springframework/boot/devtools/livereload/LiveReloadServerCustomizer> (0x00000000dda59468) thrown at [C:\re\workspace\8-2-build-windows-amd64-cygwin\jdk8u152\9742\hotspot\src\share\vm\classfile\systemDic
Event: 20.993 Thread 0x00000000597d5800 Exception <a 'java/lang/ClassNotFoundException': java/lang/ObjectCustomizer> (0x00000000dda70708) thrown at [C:\re\workspace\8-2-build-windows-amd64-cygwin\jdk8u152\9742\hotspot\src\share\vm\classfile\systemDictionary.cpp, line 210]
Event: 21.041 Thread 0x00000000597d5800 Exception <a 'java/lang/ClassNotFoundException': org/springframework/boot/devtools/autoconfigure/OptionalLiveReloadServerCustomizer> (0x00000000dda90c20) thrown at [C:\re\workspace\8-2-build-windows-amd64-cygwin\jdk8u152\9742\hotspot\src\share\vm\classfil
Event: 21.042 Thread 0x00000000597d5800 Exception <a 'java/lang/ClassNotFoundException': org/springframework/beans/factory/InitializingBeanCustomizer> (0x00000000ddaaad48) thrown at [C:\re\workspace\8-2-build-windows-amd64-cygwin\jdk8u152\9742\hotspot\src\share\vm\classfile\systemDictionary.cpp
Event: 21.184 Thread 0x00000000597d5800 Exception <a 'java/lang/ClassNotFoundException': java/lang/ObjectCustomizer> (0x00000000ddac75a8) thrown at [C:\re\workspace\8-2-build-windows-amd64-cygwin\jdk8u152\9742\hotspot\src\share\vm\classfile\systemDictionary.cpp, line 210]
Event: 21.184 Thread 0x00000000597d5800 Exception <a 'java/lang/ClassNotFoundException': org/springframework/boot/devtools/autoconfigure/LocalDevToolsAutoConfigurationCustomizer> (0x00000000ddae9b50) thrown at [C:\re\workspace\8-2-build-windows-amd64-cygwin\jdk8u152\9742\hotspot\src\share\vm\cl
Event: 21.185 Thread 0x00000000597d5800 Exception <a 'java/lang/ClassNotFoundException': org/springframework/boot/devtools/autoconfigure/LocalDevToolsAutoConfiguration$$EnhancerBySpringCGLIB$$6ca735b9Customizer> (0x00000000ddb12080) thrown at [C:\re\workspace\8-2-build-windows-amd64-cygwin\jdk8
Event: 21.186 Thread 0x00000000597d5800 Exception <a 'java/lang/ClassNotFoundException': org/springframework/context/annotation/ConfigurationClassEnhancer$EnhancedConfigurationCustomizer> (0x00000000ddb38a78) thrown at [C:\re\workspace\8-2-build-windows-amd64-cygwin\jdk8u152\9742\hotspot\src\sh

Events (10 events):
Event: 21.500 Thread 0x000000005c4f8000 Thread added: 0x000000005c4f8000
Event: 21.500 Thread 0x000000005cb2c000 Thread added: 0x000000005cb2c000
Event: 21.500 Thread 0x000000005cb2d000 Thread added: 0x000000005cb2d000
Event: 21.500 Thread 0x000000005cb2d800 Thread added: 0x000000005cb2d800
Event: 21.501 Thread 0x000000005cb2e800 Thread added: 0x000000005cb2e800
Event: 21.511 Thread 0x000000005cb2f000 Thread added: 0x000000005cb2f000
Event: 21.511 loading class org/apache/tomcat/util/threads/LimitLatch
Event: 21.511 loading class org/apache/tomcat/util/threads/LimitLatch done
Event: 21.513 loading class org/apache/tomcat/util/threads/LimitLatch$Sync
Event: 21.513 loading class org/apache/tomcat/util/threads/LimitLatch$Sync done


Dynamic libraries:
0x000000013f8e0000 - 0x000000013f917000 	C:\Program Files\Java\jdk1.8.0_152\bin\java.exe
0x0000000077910000 - 0x0000000077ab9000 	C:\Windows\SYSTEM32\ntdll.dll
0x00000000776f0000 - 0x000000007780f000 	C:\Windows\system32\kernel32.dll
0x000007fefdb40000 - 0x000007fefdbab000 	C:\Windows\system32\KERNELBASE.dll
0x000007fefedf0000 - 0x000007fefeecb000 	C:\Windows\system32\ADVAPI32.dll
0x000007feff350000 - 0x000007feff3ef000 	C:\Windows\system32\msvcrt.dll
0x000007feff330000 - 0x000007feff34f000 	C:\Windows\SYSTEM32\sechost.dll
0x000007feff4c0000 - 0x000007feff5ed000 	C:\Windows\system32\RPCRT4.dll
0x0000000077810000 - 0x000000007790a000 	C:\Windows\system32\USER32.dll
0x000007feff1b0000 - 0x000007feff217000 	C:\Windows\system32\GDI32.dll
0x000007fefeba0000 - 0x000007fefebae000 	C:\Windows\system32\LPK.dll
0x000007feff3f0000 - 0x000007feff4b9000 	C:\Windows\system32\USP10.dll
0x000007fefbe90000 - 0x000007fefc084000 	C:\Windows\WinSxS\amd64_microsoft.windows.common-controls_6595b64144ccf1df_6.0.7601.17514_none_fa396087175ac9ac\COMCTL32.dll
0x000007feff850000 - 0x000007feff8c1000 	C:\Windows\system32\SHLWAPI.dll
0x000007fefedc0000 - 0x000007fefedee000 	C:\Windows\system32\IMM32.DLL
0x000007feff220000 - 0x000007feff329000 	C:\Windows\system32\MSCTF.dll
0x0000000072050000 - 0x0000000072122000 	C:\Program Files\Java\jdk1.8.0_152\jre\bin\msvcr100.dll
0x00000000683c0000 - 0x0000000068c60000 	C:\Program Files\Java\jdk1.8.0_152\jre\bin\server\jvm.dll
0x000007fef1d00000 - 0x000007fef1d09000 	C:\Windows\system32\WSOCK32.dll
0x000007feffa50000 - 0x000007feffa9d000 	C:\Windows\system32\WS2_32.dll
0x000007fefeef0000 - 0x000007fefeef8000 	C:\Windows\system32\NSI.dll
0x000007fefab60000 - 0x000007fefab9b000 	C:\Windows\system32\WINMM.dll
0x000007fefc930000 - 0x000007fefc93c000 	C:\Windows\system32\VERSION.dll
0x0000000077ad0000 - 0x0000000077ad7000 	C:\Windows\system32\PSAPI.DLL
0x0000000072430000 - 0x000000007243f000 	C:\Program Files\Java\jdk1.8.0_152\jre\bin\verify.dll
0x00000000723a0000 - 0x00000000723c9000 	C:\Program Files\Java\jdk1.8.0_152\jre\bin\java.dll
0x0000000072370000 - 0x0000000072393000 	C:\Program Files\Java\jdk1.8.0_152\jre\bin\instrument.dll
0x0000000072350000 - 0x0000000072366000 	C:\Program Files\Java\jdk1.8.0_152\jre\bin\zip.dll
0x000007fefde10000 - 0x000007fefeb98000 	C:\Windows\system32\SHELL32.dll
0x000007fefebb0000 - 0x000007fefedb3000 	C:\Windows\system32\ole32.dll
0x000007fefd860000 - 0x000007fefd86f000 	C:\Windows\system32\profapi.dll
0x000007fee1510000 - 0x000007fee152a000 	C:\Program Files\JetBrains\IntelliJ IDEA Community Edition 2017.2.5\bin\breakgen64.dll
0x0000000072300000 - 0x000000007231a000 	C:\Program Files\Java\jdk1.8.0_152\jre\bin\net.dll
0x000007fefd0d0000 - 0x000007fefd125000 	C:\Windows\system32\mswsock.dll
0x000007fefd0c0000 - 0x000007fefd0c7000 	C:\Windows\System32\wship6.dll
0x00000000725d0000 - 0x00000000725dd000 	C:\Program Files\Java\jdk1.8.0_152\jre\bin\management.dll
0x000007fefc2a0000 - 0x000007fefc2b5000 	C:\Windows\system32\NLAapi.dll
0x000007feef460000 - 0x000007feef475000 	C:\Windows\system32\napinsp.dll
0x000007feef440000 - 0x000007feef459000 	C:\Windows\system32\pnrpnsp.dll
0x000007fefcf50000 - 0x000007fefcfab000 	C:\Windows\system32\DNSAPI.dll
0x000007feef430000 - 0x000007feef43b000 	C:\Windows\System32\winrnr.dll
0x000007feef420000 - 0x000007feef430000 	C:\Windows\system32\wshbth.dll
0x000007fefca00000 - 0x000007fefca07000 	C:\Windows\System32\wshtcpip.dll
0x000007fefbce0000 - 0x000007fefbd07000 	C:\Windows\system32\IPHLPAPI.DLL
0x000007fefbcd0000 - 0x000007fefbcdb000 	C:\Windows\system32\WINNSI.DLL
0x000007fee9120000 - 0x000007fee9128000 	C:\Windows\system32\rasadhlp.dll
0x000007fefbba0000 - 0x000007fefbbf3000 	C:\Windows\System32\fwpuclnt.dll
0x00000000722e0000 - 0x00000000722f1000 	C:\Program Files\Java\jdk1.8.0_152\jre\bin\nio.dll
0x000007fefd130000 - 0x000007fefd147000 	C:\Windows\system32\CRYPTSP.dll
0x000007fefce30000 - 0x000007fefce77000 	C:\Windows\system32\rsaenh.dll
0x000007fefcbb0000 - 0x000007fefcbce000 	C:\Windows\system32\USERENV.dll
0x000007fefd790000 - 0x000007fefd79f000 	C:\Windows\system32\CRYPTBASE.dll
0x000007fefbae0000 - 0x000007fefbaf8000 	C:\Windows\system32\dhcpcsvc.DLL
0x000007fefbac0000 - 0x000007fefbad1000 	C:\Windows\system32\dhcpcsvc6.DLL
0x000007fef1bb0000 - 0x000007fef1cd5000 	C:\Windows\system32\dbghelp.dll

VM Arguments:
jvm_args: -javaagent:C:\Program Files\JetBrains\IntelliJ IDEA Community Edition 2017.2.5\lib\idea_rt.jar=49229:C:\Program Files\JetBrains\IntelliJ IDEA Community Edition 2017.2.5\bin -Dfile.encoding=UTF-8 
java_command: milionerzy.MilionerzyApplication
java_class_path (initial): C:\Program Files\Java\jdk1.8.0_152\jre\lib\charsets.jar;C:\Program Files\Java\jdk1.8.0_152\jre\lib\deploy.jar;C:\Program Files\Java\jdk1.8.0_152\jre\lib\ext\access-bridge-64.jar;C:\Program Files\Java\jdk1.8.0_152\jre\lib\ext\cldrdata.jar;C:\Program Files\Java\jdk1.8.0_152\jre\lib\ext\dnsns.jar;C:\Program Files\Java\jdk1.8.0_152\jre\lib\ext\jaccess.jar;C:\Program Files\Java\jdk1.8.0_152\jre\lib\ext\jfxrt.jar;C:\Program Files\Java\jdk1.8.0_152\jre\lib\ext\localedata.jar;C:\Program Files\Java\jdk1.8.0_152\jre\lib\ext\nashorn.jar;C:\Program Files\Java\jdk1.8.0_152\jre\lib\ext\sunec.jar;C:\Program Files\Java\jdk1.8.0_152\jre\lib\ext\sunjce_provider.jar;C:\Program Files\Java\jdk1.8.0_152\jre\lib\ext\sunmscapi.jar;C:\Program Files\Java\jdk1.8.0_152\jre\lib\ext\sunpkcs11.jar;C:\Program Files\Java\jdk1.8.0_152\jre\lib\ext\zipfs.jar;C:\Program Files\Java\jdk1.8.0_152\jre\lib\javaws.jar;C:\Program Files\Java\jdk1.8.0_152\jre\lib\jce.jar;C:\Program Files\Java\jdk1.8.0_152\jre\lib\jfr.jar;C:\Program Files\Java\jdk1.8.0_152\jre\lib\jfxswt.jar;C:\Program Files\Java\jdk1.8.0_152\jre\lib\jsse.jar;C:\Program Files\Java\jdk1.8.0_152\jre\lib\management-agent.jar;C:\Program Files\Java\jdk1.8.0_152\jre\lib\plugin.jar;C:\Program Files\Java\jdk1.8.0_152\jre\lib\resources.jar;C:\Program Files\Java\jdk1.8.0_152\jre\lib\rt.jar;C:\Users\Piotr\Desktop\milionerzySpr\target\classes;C:\Users\Piotr\.m2\repository\org\springframework\boot\spring-boot-starter-data-jpa\2.0.0.M6\spring-boot-starter-data-jpa-2.0.0.M6.jar;C:\Users\Piotr\.m2\repository\org\springframework\boot\spring-boot-starter\2.0.0.M6\spring-boot-starter-2.0.0.M6.jar;C:\Users\Piotr\.m2\repository\org\springframework\boot\spring-boot-starter-logging\2.0.0.M6\spring-boot-starter-logging-2.0.0.M6.jar;C:\Users\Piotr\.m2\repository\ch\qos\logback\logback-classic\1.2.3\logback-classic-1.2.3.jar;C:\Users\Piotr\.m2\repository\ch\qos\logback\logback-core\1.2.3\logback-core-1.2.3.jar;C:\Users\Piotr\.m2\repository\or
Launcher Type: SUN_STANDARD

Environment Variables:
PATH=C:\ProgramData\Oracle\Java\javapath;C:\Program Files (x86)\NVIDIA Corporation\PhysX\Common;C:\Windows\system32;C:\Windows;C:\Windows\System32\Wbem;C:\Windows\System32\WindowsPowerShell\v1.0\;C:\Program Files\Microsoft SQL Server\120\Tools\Binn\;C:\Program Files\Microsoft SQL Server\130\Tools\Binn\;C:\Program Files\Microsoft SQL Server\Client SDK\ODBC\110\Tools\Binn\;C:\Program Files (x86)\Microsoft SQL Server\120\Tools\Binn\;C:\Program Files\Microsoft SQL Server\120\DTS\Binn\;C:\Program Files (x86)\Microsoft SQL Server\120\Tools\Binn\ManagementStudio\;C:\Program Files (x86)\Microsoft SQL Server\120\DTS\Binn\;C:\Program Files (x86)\Windows Kits\8.1\Windows Performance Toolkit\;C:\Program Files (x86)\QuickTime\QTSystem\;C:\Program Files\MySQL\MySQL Utilities 1.6\;C:\Program Files\Git\cmd;C:\Program Files\Heroku\bin
USERNAME=Piotr
OS=Windows_NT
PROCESSOR_IDENTIFIER=Intel64 Family 6 Model 23 Stepping 6, GenuineIntel



---------------  S Y S T E M  ---------------

OS: Windows 7 , 64 bit Build 7601 (6.1.7601.17514)

CPU:total 2 (initial active 2) (2 cores per cpu, 1 threads per core) family 6 model 23 stepping 6, cmov, cx8, fxsr, mmx, sse, sse2, sse3, ssse3, sse4.1, tsc

Memory: 4k page, physical 8317792k(5071988k free), swap 9937932k(5702140k free)

vm_info: Java HotSpot(TM) 64-Bit Server VM (25.152-b16) for windows-amd64 JRE (1.8.0_152-b16), built on Sep 14 2017 02:29:36 by "java_re" with MS VC++ 10.0 (VS2010)

time: Thu Nov 16 15:45:05 2017
elapsed time: 21 seconds (0d 0h 0m 21s)

