#
# A fatal error has been detected by the Java Runtime Environment:
#
#  EXCEPTION_ACCESS_VIOLATION (0xc0000005) at pc=0x00000000698c3db8, pid=108, tid=0x0000000000001140
#
# JRE version: Java(TM) SE Runtime Environment (8.0_152-b16) (build 1.8.0_152-b16)
# Java VM: Java HotSpot(TM) 64-Bit Server VM (25.152-b16 mixed mode windows-amd64 compressed oops)
# Problematic frame:
# V  [jvm.dll+0x483db8]
#
# Failed to write core dump. Minidumps are not enabled by default on client versions of Windows
#
# If you would like to submit a bug report, please visit:
#   http://bugreport.java.com/bugreport/crash.jsp
#

---------------  T H R E A D  ---------------

Current thread (0x0000000058738000):  JavaThread "C2 CompilerThread0" daemon [_thread_in_native, id=4416, stack(0x0000000058880000,0x0000000058980000)]

siginfo: ExceptionCode=0xc0000005, reading address 0xffffffffffffffff

Registers:
RAX=0x000000005c29f1f0, RBX=0x0000000000000010, RCX=0x00000000fe7fffff, RDX=0x00000000594fadc0
RSP=0x000000005897b860, RBP=0x000000005c354380, RSI=0x005c356980000000, RDI=0x0000000000000000
R8 =0x0000000000001b34, R9 =0x000000005a974180, R10=0x000000005897bdb0, R11=0x000000005c254d00
R12=0x000000000000002d, R13=0x000000005a40a0cf, R14=0x000000005c1b9500, R15=0x0000000000000025
RIP=0x00000000698c3db8, EFLAGS=0x0000000000010216

Top of Stack: (sp=0x000000005897b860)
0x000000005897b860:   000000005c1b9500 0000000069903283
0x000000005897b870:   000000005a471198 000000005c1b9500
0x000000005897b880:   000000005c2ac4a0 000000005897bdb0
0x000000005897b890:   000000005c1b9500 000000005897b9c8
0x000000005897b8a0:   000000005897ba20 0000000069904b29
0x000000005897b8b0:   000000005a471198 000000000000074a
0x000000005897b8c0:   0000000000000001 0000000000000160
0x000000005897b8d0:   000000005897c788 0000000069937cf0
0x000000005897b8e0:   000000005a1f0f80 0000000058637600
0x000000005897b8f0:   0000000058766690 000000005897ba20
0x000000005897b900:   0000000058637600 0000000000000005
0x000000005897b910:   000000005897bdb0 00000000699068d3
0x000000005897b920:   000000005897bdb0 0000000000000001
0x000000005897b930:   000000000000002f 000000005897b9c8
0x000000005897b940:   000000005a1f0fd0 000000005a1f8f68
0x000000005897b950:   00000000000e01d0 0000000058637600 

Instructions: (pc=0x00000000698c3db8)
0x00000000698c3d98:   41 04 74 6a 8b 45 20 85 c0 7e 63 45 33 e4 44 8b
0x00000000698c3da8:   e8 0f 1f 80 00 00 00 00 48 8b 45 38 49 8b 34 04
0x00000000698c3db8:   80 7e 40 04 75 3a 8b 46 20 85 c0 7e 33 33 db 8b
0x00000000698c3dc8:   f8 0f 1f 80 00 00 00 00 48 8b 46 38 4c 8b 04 03 


Register to memory mapping:

RAX=0x000000005c29f1f0 is an unknown value
RBX=0x0000000000000010 is an unknown value
RCX=0x00000000fe7fffff is an unallocated location in the heap
RDX=0x00000000594fadc0 is an unknown value
RSP=0x000000005897b860 is pointing into the stack for thread: 0x0000000058738000
RBP=0x000000005c354380 is an unknown value
RSI=0x005c356980000000 is an unknown value
RDI=0x0000000000000000 is an unknown value
R8 =0x0000000000001b34 is an unknown value
R9 =0x000000005a974180 is an unknown value
R10=0x000000005897bdb0 is pointing into the stack for thread: 0x0000000058738000
R11=0x000000005c254d00 is an unknown value
R12=0x000000000000002d is an unknown value
R13=0x000000005a40a0cf is an unknown value
R14=0x000000005c1b9500 is an unknown value
R15=0x0000000000000025 is an unknown value


Stack: [0x0000000058880000,0x0000000058980000],  sp=0x000000005897b860,  free space=1006k
Native frames: (J=compiled Java code, j=interpreted, Vv=VM code, C=native code)
V  [jvm.dll+0x483db8]
C  0x000000000000074a


Current CompileTask:
C2:   9548 2975       4       org.springframework.core.ResolvableType::as (81 bytes)


---------------  P R O C E S S  ---------------

Java Threads: ( => current thread )
  0x000000005980c800 JavaThread "restartedMain" [_thread_in_native, id=3992, stack(0x0000000058f90000,0x0000000059090000)]
  0x000000005980c000 JavaThread "Thread-0" [_thread_blocked, id=3924, stack(0x000000005aa60000,0x000000005ab60000)]
  0x00000000587f2000 JavaThread "Service Thread" daemon [_thread_blocked, id=1596, stack(0x0000000058e40000,0x0000000058f40000)]
  0x0000000058739800 JavaThread "C1 CompilerThread1" daemon [_thread_blocked, id=5048, stack(0x0000000058b60000,0x0000000058c60000)]
=>0x0000000058738000 JavaThread "C2 CompilerThread0" daemon [_thread_in_native, id=4416, stack(0x0000000058880000,0x0000000058980000)]
  0x0000000058734800 JavaThread "Monitor Ctrl-Break" daemon [_thread_in_native, id=4364, stack(0x0000000058a00000,0x0000000058b00000)]
  0x0000000057371000 JavaThread "Attach Listener" daemon [_thread_blocked, id=4888, stack(0x0000000058320000,0x0000000058420000)]
  0x0000000057379800 JavaThread "Signal Dispatcher" daemon [_thread_blocked, id=3020, stack(0x0000000058140000,0x0000000058240000)]
  0x0000000057355000 JavaThread "Finalizer" daemon [_thread_blocked, id=948, stack(0x0000000057fb0000,0x00000000580b0000)]
  0x000000005730b800 JavaThread "Reference Handler" daemon [_thread_blocked, id=3888, stack(0x0000000057e60000,0x0000000057f60000)]
  0x00000000021a3800 JavaThread "main" [_thread_blocked, id=4508, stack(0x0000000002420000,0x0000000002520000)]

Other Threads:
  0x0000000057303800 VMThread [stack: 0x0000000057c60000,0x0000000057d60000] [id=2248]
  0x0000000058803000 WatcherThread [stack: 0x00000000590e0000,0x00000000591e0000] [id=668]

VM state:not at safepoint (normal execution)

VM Mutex/Monitor currently owned by a thread: None

Heap:
 PSYoungGen      total 138240K, used 121118K [0x00000000d5b00000, 0x00000000e2700000, 0x0000000100000000)
  eden space 133120K, 88% used [0x00000000d5b00000,0x00000000dcd7e6c0,0x00000000ddd00000)
  from space 5120K, 75% used [0x00000000ddd00000,0x00000000de0c9450,0x00000000de200000)
  to   space 9216K, 0% used [0x00000000e1e00000,0x00000000e1e00000,0x00000000e2700000)
 ParOldGen       total 61440K, used 6105K [0x0000000081000000, 0x0000000084c00000, 0x00000000d5b00000)
  object space 61440K, 9% used [0x0000000081000000,0x00000000815f66e0,0x0000000084c00000)
 Metaspace       used 27784K, capacity 28729K, committed 28928K, reserved 1075200K
  class space    used 3509K, capacity 3725K, committed 3840K, reserved 1048576K

Card table byte_map: [0x0000000011bb0000,0x0000000011fb0000] byte_map_base: 0x00000000117a8000

Marking Bits: (ParMarkBitMap*) 0x0000000069c60860
 Begin Bits: [0x0000000012650000, 0x0000000014610000)
 End Bits:   [0x0000000014610000, 0x00000000165d0000)

Polling page: 0x0000000000340000

CodeCache: size=245760Kb used=10198Kb max_used=10198Kb free=235561Kb
 bounds [0x00000000027f0000, 0x00000000031f0000, 0x00000000117f0000]
 total_blobs=3208 nmethods=2819 adapters=303
 compilation: enabled

Compilation events (10 events):
Event: 9.429 Thread 0x0000000058739800 3023       3       sun.reflect.generics.factory.CoreReflectionFactory::<init> (15 bytes)
Event: 9.429 Thread 0x0000000058739800 nmethod 3023 0x00000000031e9390 code [0x00000000031e94e0, 0x00000000031e96b0]
Event: 9.431 Thread 0x0000000058739800 3024       3       sun.reflect.generics.repository.GenericDeclRepository::<init> (7 bytes)
Event: 9.431 Thread 0x0000000058739800 nmethod 3024 0x00000000031e9750 code [0x00000000031e98c0, 0x00000000031e9bc8]
Event: 9.431 Thread 0x0000000058739800 3025       3       sun.reflect.generics.repository.AbstractRepository::<init> (19 bytes)
Event: 9.431 Thread 0x0000000058739800 nmethod 3025 0x00000000031e9d10 code [0x00000000031e9e80, 0x00000000031ea128]
Event: 9.439 Thread 0x0000000058739800 3026       3       sun.reflect.generics.repository.AbstractRepository::getReifier (8 bytes)
Event: 9.439 Thread 0x0000000058739800 nmethod 3026 0x00000000031ea210 code [0x00000000031ea380, 0x00000000031ea670]
Event: 9.440 Thread 0x0000000058739800 3027       3       org.hibernate.validator.internal.util.TypeHelper::resolveTypes (149 bytes)
Event: 9.441 Thread 0x0000000058739800 nmethod 3027 0x00000000031ea7d0 code [0x00000000031eaa40, 0x00000000031ebb78]

GC Heap History (10 events):
Event: 2.062 GC heap before
{Heap before GC invocations=2 (full 0):
 PSYoungGen      total 38400K, used 37313K [0x00000000d5b00000, 0x00000000da600000, 0x0000000100000000)
  eden space 33280K, 100% used [0x00000000d5b00000,0x00000000d7b80000,0x00000000d7b80000)
  from space 5120K, 78% used [0x00000000d7b80000,0x00000000d7f70760,0x00000000d8080000)
  to   space 5120K, 0% used [0x00000000da100000,0x00000000da100000,0x00000000da600000)
 ParOldGen       total 87552K, used 8K [0x0000000081000000, 0x0000000086580000, 0x00000000d5b00000)
  object space 87552K, 0% used [0x0000000081000000,0x0000000081002000,0x0000000086580000)
 Metaspace       used 9072K, capacity 9262K, committed 9344K, reserved 1056768K
  class space    used 1079K, capacity 1150K, committed 1152K, reserved 1048576K
Event: 2.070 GC heap after
Heap after GC invocations=2 (full 0):
 PSYoungGen      total 71680K, used 3186K [0x00000000d5b00000, 0x00000000da600000, 0x0000000100000000)
  eden space 66560K, 0% used [0x00000000d5b00000,0x00000000d5b00000,0x00000000d9c00000)
  from space 5120K, 62% used [0x00000000da100000,0x00000000da41c988,0x00000000da600000)
  to   space 5120K, 0% used [0x00000000d9c00000,0x00000000d9c00000,0x00000000da100000)
 ParOldGen       total 87552K, used 16K [0x0000000081000000, 0x0000000086580000, 0x00000000d5b00000)
  object space 87552K, 0% used [0x0000000081000000,0x0000000081004000,0x0000000086580000)
 Metaspace       used 9072K, capacity 9262K, committed 9344K, reserved 1056768K
  class space    used 1079K, capacity 1150K, committed 1152K, reserved 1048576K
}
Event: 3.721 GC heap before
{Heap before GC invocations=3 (full 0):
 PSYoungGen      total 71680K, used 69746K [0x00000000d5b00000, 0x00000000da600000, 0x0000000100000000)
  eden space 66560K, 100% used [0x00000000d5b00000,0x00000000d9c00000,0x00000000d9c00000)
  from space 5120K, 62% used [0x00000000da100000,0x00000000da41c988,0x00000000da600000)
  to   space 5120K, 0% used [0x00000000d9c00000,0x00000000d9c00000,0x00000000da100000)
 ParOldGen       total 87552K, used 16K [0x0000000081000000, 0x0000000086580000, 0x00000000d5b00000)
  object space 87552K, 0% used [0x0000000081000000,0x0000000081004000,0x0000000086580000)
 Metaspace       used 16368K, capacity 16716K, committed 17024K, reserved 1064960K
  class space    used 2031K, capacity 2143K, committed 2176K, reserved 1048576K
Event: 3.735 GC heap after
Heap after GC invocations=3 (full 0):
 PSYoungGen      total 71680K, used 5091K [0x00000000d5b00000, 0x00000000de700000, 0x0000000100000000)
  eden space 66560K, 0% used [0x00000000d5b00000,0x00000000d5b00000,0x00000000d9c00000)
  from space 5120K, 99% used [0x00000000d9c00000,0x00000000da0f8e68,0x00000000da100000)
  to   space 5120K, 0% used [0x00000000de200000,0x00000000de200000,0x00000000de700000)
 ParOldGen       total 87552K, used 3891K [0x0000000081000000, 0x0000000086580000, 0x00000000d5b00000)
  object space 87552K, 4% used [0x0000000081000000,0x00000000813cce78,0x0000000086580000)
 Metaspace       used 16368K, capacity 16716K, committed 17024K, reserved 1064960K
  class space    used 2031K, capacity 2143K, committed 2176K, reserved 1048576K
}
Event: 5.320 GC heap before
{Heap before GC invocations=4 (full 0):
 PSYoungGen      total 71680K, used 31422K [0x00000000d5b00000, 0x00000000de700000, 0x0000000100000000)
  eden space 66560K, 39% used [0x00000000d5b00000,0x00000000d74b6cb0,0x00000000d9c00000)
  from space 5120K, 99% used [0x00000000d9c00000,0x00000000da0f8e68,0x00000000da100000)
  to   space 5120K, 0% used [0x00000000de200000,0x00000000de200000,0x00000000de700000)
 ParOldGen       total 87552K, used 3891K [0x0000000081000000, 0x0000000086580000, 0x00000000d5b00000)
  object space 87552K, 4% used [0x0000000081000000,0x00000000813cce78,0x0000000086580000)
 Metaspace       used 20634K, capacity 21119K, committed 21296K, reserved 1069056K
  class space    used 2541K, capacity 2688K, committed 2688K, reserved 1048576K
Event: 5.340 GC heap after
Heap after GC invocations=4 (full 0):
 PSYoungGen      total 138240K, used 5098K [0x00000000d5b00000, 0x00000000de700000, 0x0000000100000000)
  eden space 133120K, 0% used [0x00000000d5b00000,0x00000000d5b00000,0x00000000ddd00000)
  from space 5120K, 99% used [0x00000000de200000,0x00000000de6faa08,0x00000000de700000)
  to   space 5120K, 0% used [0x00000000ddd00000,0x00000000ddd00000,0x00000000de200000)
 ParOldGen       total 87552K, used 5000K [0x0000000081000000, 0x0000000086580000, 0x00000000d5b00000)
  object space 87552K, 5% used [0x0000000081000000,0x00000000814e23d0,0x0000000086580000)
 Metaspace       used 20634K, capacity 21119K, committed 21296K, reserved 1069056K
  class space    used 2541K, capacity 2688K, committed 2688K, reserved 1048576K
}
Event: 5.340 GC heap before
{Heap before GC invocations=5 (full 1):
 PSYoungGen      total 138240K, used 5098K [0x00000000d5b00000, 0x00000000de700000, 0x0000000100000000)
  eden space 133120K, 0% used [0x00000000d5b00000,0x00000000d5b00000,0x00000000ddd00000)
  from space 5120K, 99% used [0x00000000de200000,0x00000000de6faa08,0x00000000de700000)
  to   space 5120K, 0% used [0x00000000ddd00000,0x00000000ddd00000,0x00000000de200000)
 ParOldGen       total 87552K, used 5000K [0x0000000081000000, 0x0000000086580000, 0x00000000d5b00000)
  object space 87552K, 5% used [0x0000000081000000,0x00000000814e23d0,0x0000000086580000)
 Metaspace       used 20634K, capacity 21119K, committed 21296K, reserved 1069056K
  class space    used 2541K, capacity 2688K, committed 2688K, reserved 1048576K
Event: 5.452 GC heap after
Heap after GC invocations=5 (full 1):
 PSYoungGen      total 138240K, used 0K [0x00000000d5b00000, 0x00000000de700000, 0x0000000100000000)
  eden space 133120K, 0% used [0x00000000d5b00000,0x00000000d5b00000,0x00000000ddd00000)
  from space 5120K, 0% used [0x00000000de200000,0x00000000de200000,0x00000000de700000)
  to   space 5120K, 0% used [0x00000000ddd00000,0x00000000ddd00000,0x00000000de200000)
 ParOldGen       total 61440K, used 6097K [0x0000000081000000, 0x0000000084c00000, 0x00000000d5b00000)
  object space 61440K, 9% used [0x0000000081000000,0x00000000815f46e0,0x0000000084c00000)
 Metaspace       used 20634K, capacity 21119K, committed 21296K, reserved 1069056K
  class space    used 2541K, capacity 2688K, committed 2688K, reserved 1048576K
}
Event: 7.203 GC heap before
{Heap before GC invocations=6 (full 1):
 PSYoungGen      total 138240K, used 133120K [0x00000000d5b00000, 0x00000000de700000, 0x0000000100000000)
  eden space 133120K, 100% used [0x00000000d5b00000,0x00000000ddd00000,0x00000000ddd00000)
  from space 5120K, 0% used [0x00000000de200000,0x00000000de200000,0x00000000de700000)
  to   space 5120K, 0% used [0x00000000ddd00000,0x00000000ddd00000,0x00000000de200000)
 ParOldGen       total 61440K, used 6097K [0x0000000081000000, 0x0000000084c00000, 0x00000000d5b00000)
  object space 61440K, 9% used [0x0000000081000000,0x00000000815f46e0,0x0000000084c00000)
 Metaspace       used 22191K, capacity 22731K, committed 22832K, reserved 1069056K
  class space    used 2722K, capacity 2885K, committed 2944K, reserved 1048576K
Event: 7.225 GC heap after
Heap after GC invocations=6 (full 1):
 PSYoungGen      total 138240K, used 3877K [0x00000000d5b00000, 0x00000000e2700000, 0x0000000100000000)
  eden space 133120K, 0% used [0x00000000d5b00000,0x00000000d5b00000,0x00000000ddd00000)
  from space 5120K, 75% used [0x00000000ddd00000,0x00000000de0c9450,0x00000000de200000)
  to   space 9216K, 0% used [0x00000000e1e00000,0x00000000e1e00000,0x00000000e2700000)
 ParOldGen       total 61440K, used 6105K [0x0000000081000000, 0x0000000084c00000, 0x00000000d5b00000)
  object space 61440K, 9% used [0x0000000081000000,0x00000000815f66e0,0x0000000084c00000)
 Metaspace       used 22191K, capacity 22731K, committed 22832K, reserved 1069056K
  class space    used 2722K, capacity 2885K, committed 2944K, reserved 1048576K
}

Deoptimization events (10 events):
Event: 8.835 Thread 0x000000005980c800 Uncommon trap: reason=array_check action=maybe_recompile pc=0x0000000003130a0c method=java.util.AbstractCollection.toArray([Ljava/lang/Object;)[Ljava/lang/Object; @ 119
Event: 8.835 Thread 0x000000005980c800 Uncommon trap: reason=array_check action=maybe_recompile pc=0x0000000003130a0c method=java.util.AbstractCollection.toArray([Ljava/lang/Object;)[Ljava/lang/Object; @ 119
Event: 8.835 Thread 0x000000005980c800 Uncommon trap: reason=array_check action=maybe_recompile pc=0x0000000003130a0c method=java.util.AbstractCollection.toArray([Ljava/lang/Object;)[Ljava/lang/Object; @ 119
Event: 8.835 Thread 0x000000005980c800 Uncommon trap: reason=array_check action=maybe_recompile pc=0x0000000003130a0c method=java.util.AbstractCollection.toArray([Ljava/lang/Object;)[Ljava/lang/Object; @ 119
Event: 8.994 Thread 0x000000005980c800 Uncommon trap: reason=unstable_if action=reinterpret pc=0x00000000030e5104 method=java.lang.reflect.Method.equals(Ljava/lang/Object;)Z @ 1
Event: 9.013 Thread 0x000000005980c800 Uncommon trap: reason=unstable_if action=reinterpret pc=0x000000000305b1a4 method=org.springframework.asm.Type.getArgumentsAndReturnSizes(Ljava/lang/String;)I @ 88
Event: 9.013 Thread 0x000000005980c800 Uncommon trap: reason=unstable_if action=reinterpret pc=0x0000000002ce75d8 method=org.springframework.asm.Type.getArgumentTypes(Ljava/lang/String;)[Lorg/springframework/asm/Type; @ 58
Event: 9.015 Thread 0x000000005980c800 Uncommon trap: reason=unstable_if action=reinterpret pc=0x00000000030b815c method=org.springframework.asm.Type.getArgumentsAndReturnSizes(Ljava/lang/String;)I @ 88
Event: 9.242 Thread 0x000000005980c800 Uncommon trap: reason=unstable_if action=reinterpret pc=0x0000000002da978c method=java.util.concurrent.ConcurrentHashMap.get(Ljava/lang/Object;)Ljava/lang/Object; @ 76
Event: 9.271 Thread 0x000000005980c800 Uncommon trap: reason=unstable_if action=reinterpret pc=0x000000000290644c method=java.io.WinNTFileSystem.isLetter(C)Z @ 3

Classes redefined (0 events):
No events

Internal exceptions (10 events):
Event: 9.241 Thread 0x000000005980c800 Exception <a 'java/lang/ClassNotFoundException': org/springframework/core/OrderedCustomizer> (0x00000000dbc8f4b8) thrown at [C:\re\workspace\8-2-build-windows-amd64-cygwin\jdk8u152\9742\hotspot\src\share\vm\classfile\systemDictionary.cpp, line 210]
Event: 9.256 Thread 0x000000005980c800 Exception <a 'java/lang/ClassNotFoundException': java/lang/ObjectCustomizer> (0x00000000dbca60e8) thrown at [C:\re\workspace\8-2-build-windows-amd64-cygwin\jdk8u152\9742\hotspot\src\share\vm\classfile\systemDictionary.cpp, line 210]
Event: 9.257 Thread 0x000000005980c800 Exception <a 'java/lang/ClassNotFoundException': org/springframework/boot/autoconfigure/web/servlet/ServletWebServerFactoryAutoConfigurationCustomizer> (0x00000000dbccc7a8) thrown at [C:\re\workspace\8-2-build-windows-amd64-cygwin\jdk8u152\9742\hotspot\sr
Event: 9.258 Thread 0x000000005980c800 Exception <a 'java/lang/ClassNotFoundException': org/springframework/boot/autoconfigure/web/servlet/ServletWebServerFactoryAutoConfiguration$$EnhancerBySpringCGLIB$$523c591aCustomizer> (0x00000000dbcf94c0) thrown at [C:\re\workspace\8-2-build-windows-amd6
Event: 9.259 Thread 0x000000005980c800 Exception <a 'java/lang/ClassNotFoundException': org/springframework/context/annotation/ConfigurationClassEnhancer$EnhancedConfigurationCustomizer> (0x00000000dbd22208) thrown at [C:\re\workspace\8-2-build-windows-amd64-cygwin\jdk8u152\9742\hotspot\src\sh
Event: 9.274 Thread 0x000000005980c800 Exception <a 'java/lang/ClassNotFoundException': java/lang/ObjectCustomizer> (0x00000000dbdcc478) thrown at [C:\re\workspace\8-2-build-windows-amd64-cygwin\jdk8u152\9742\hotspot\src\share\vm\classfile\systemDictionary.cpp, line 210]
Event: 9.275 Thread 0x000000005980c800 Exception <a 'java/lang/ClassNotFoundException': org/springframework/boot/autoconfigure/web/ServerPropertiesCustomizer> (0x00000000dbdea6c0) thrown at [C:\re\workspace\8-2-build-windows-amd64-cygwin\jdk8u152\9742\hotspot\src\share\vm\classfile\systemDicti
Event: 9.285 Thread 0x000000005980c800 Exception <a 'java/lang/ClassNotFoundException': java/lang/ObjectCustomizer> (0x00000000dbe6f8d8) thrown at [C:\re\workspace\8-2-build-windows-amd64-cygwin\jdk8u152\9742\hotspot\src\share\vm\classfile\systemDictionary.cpp, line 210]
Event: 9.285 Thread 0x000000005980c800 Exception <a 'java/lang/ClassNotFoundException': org/springframework/boot/context/properties/ConfigurationPropertiesBinderBuilder$ConversionServiceFactoryCustomizer> (0x00000000dbe99e10) thrown at [C:\re\workspace\8-2-build-windows-amd64-cygwin\jdk8u152\9
Event: 9.404 Thread 0x000000005980c800 Exception <a 'java/lang/NoSuchMethodError': java.lang.Object.forClass(Ljava/lang/Class;)Lorg/hibernate/validator/internal/engine/constraintvalidation/ConstraintValidatorDescriptor;> (0x00000000dc7739d0) thrown at [C:\re\workspace\8-2-build-windows-amd64-c

Events (10 events):
Event: 9.446 loading class javax/validation/constraints/Min
Event: 9.446 loading class javax/validation/constraints/Min done
Event: 9.446 loading class org/hibernate/validator/internal/constraintvalidators/bv/number/bound/MinValidatorForBigDecimal
Event: 9.446 loading class org/hibernate/validator/internal/constraintvalidators/bv/number/bound/MinValidatorForBigDecimal done
Event: 9.447 loading class org/hibernate/validator/internal/constraintvalidators/bv/number/bound/AbstractMinValidator
Event: 9.447 loading class org/hibernate/validator/internal/constraintvalidators/bv/number/bound/AbstractMinValidator done
Event: 9.447 loading class org/hibernate/validator/internal/constraintvalidators/bv/number/bound/MinValidatorForBigInteger
Event: 9.447 loading class org/hibernate/validator/internal/constraintvalidators/bv/number/bound/MinValidatorForBigInteger done
Event: 9.447 loading class org/hibernate/validator/internal/constraintvalidators/bv/number/bound/MinValidatorForDouble
Event: 9.447 loading class org/hibernate/validator/internal/constraintvalidators/bv/number/bound/MinValidatorForDouble done


Dynamic libraries:
0x000000013fd90000 - 0x000000013fdc7000 	C:\Program Files\Java\jdk1.8.0_152\bin\java.exe
0x0000000077910000 - 0x0000000077ab9000 	C:\Windows\SYSTEM32\ntdll.dll
0x00000000776f0000 - 0x000000007780f000 	C:\Windows\system32\kernel32.dll
0x000007fefdb40000 - 0x000007fefdbab000 	C:\Windows\system32\KERNELBASE.dll
0x000007fefedf0000 - 0x000007fefeecb000 	C:\Windows\system32\ADVAPI32.dll
0x000007feff350000 - 0x000007feff3ef000 	C:\Windows\system32\msvcrt.dll
0x000007feff330000 - 0x000007feff34f000 	C:\Windows\SYSTEM32\sechost.dll
0x000007feff4c0000 - 0x000007feff5ed000 	C:\Windows\system32\RPCRT4.dll
0x0000000077810000 - 0x000000007790a000 	C:\Windows\system32\USER32.dll
0x000007feff1b0000 - 0x000007feff217000 	C:\Windows\system32\GDI32.dll
0x000007fefeba0000 - 0x000007fefebae000 	C:\Windows\system32\LPK.dll
0x000007feff3f0000 - 0x000007feff4b9000 	C:\Windows\system32\USP10.dll
0x000007fefbe90000 - 0x000007fefc084000 	C:\Windows\WinSxS\amd64_microsoft.windows.common-controls_6595b64144ccf1df_6.0.7601.17514_none_fa396087175ac9ac\COMCTL32.dll
0x000007feff850000 - 0x000007feff8c1000 	C:\Windows\system32\SHLWAPI.dll
0x000007fefedc0000 - 0x000007fefedee000 	C:\Windows\system32\IMM32.DLL
0x000007feff220000 - 0x000007feff329000 	C:\Windows\system32\MSCTF.dll
0x0000000072210000 - 0x00000000722e2000 	C:\Program Files\Java\jdk1.8.0_152\jre\bin\msvcr100.dll
0x0000000069440000 - 0x0000000069ce0000 	C:\Program Files\Java\jdk1.8.0_152\jre\bin\server\jvm.dll
0x000007fef1d00000 - 0x000007fef1d09000 	C:\Windows\system32\WSOCK32.dll
0x000007feffa50000 - 0x000007feffa9d000 	C:\Windows\system32\WS2_32.dll
0x000007fefeef0000 - 0x000007fefeef8000 	C:\Windows\system32\NSI.dll
0x000007fefab60000 - 0x000007fefab9b000 	C:\Windows\system32\WINMM.dll
0x000007fefc930000 - 0x000007fefc93c000 	C:\Windows\system32\VERSION.dll
0x0000000077ad0000 - 0x0000000077ad7000 	C:\Windows\system32\PSAPI.DLL
0x00000000725d0000 - 0x00000000725df000 	C:\Program Files\Java\jdk1.8.0_152\jre\bin\verify.dll
0x00000000723a0000 - 0x00000000723c9000 	C:\Program Files\Java\jdk1.8.0_152\jre\bin\java.dll
0x0000000072370000 - 0x0000000072393000 	C:\Program Files\Java\jdk1.8.0_152\jre\bin\instrument.dll
0x0000000072420000 - 0x0000000072436000 	C:\Program Files\Java\jdk1.8.0_152\jre\bin\zip.dll
0x000007fefde10000 - 0x000007fefeb98000 	C:\Windows\system32\SHELL32.dll
0x000007fefebb0000 - 0x000007fefedb3000 	C:\Windows\system32\ole32.dll
0x000007fefd860000 - 0x000007fefd86f000 	C:\Windows\system32\profapi.dll
0x000007fefa6d0000 - 0x000007fefa6ea000 	C:\Program Files\JetBrains\IntelliJ IDEA Community Edition 2017.2.5\bin\breakgen64.dll
0x0000000072350000 - 0x000000007236a000 	C:\Program Files\Java\jdk1.8.0_152\jre\bin\net.dll
0x000007fefd0d0000 - 0x000007fefd125000 	C:\Windows\system32\mswsock.dll
0x000007fefd0c0000 - 0x000007fefd0c7000 	C:\Windows\System32\wship6.dll
0x0000000072320000 - 0x000000007232d000 	C:\Program Files\Java\jdk1.8.0_152\jre\bin\management.dll
0x000007fefc2a0000 - 0x000007fefc2b5000 	C:\Windows\system32\NLAapi.dll
0x000007feef460000 - 0x000007feef475000 	C:\Windows\system32\napinsp.dll
0x000007feef440000 - 0x000007feef459000 	C:\Windows\system32\pnrpnsp.dll
0x000007fefcf50000 - 0x000007fefcfab000 	C:\Windows\system32\DNSAPI.dll
0x000007feef430000 - 0x000007feef43b000 	C:\Windows\System32\winrnr.dll
0x000007feef420000 - 0x000007feef430000 	C:\Windows\system32\wshbth.dll
0x000007fefca00000 - 0x000007fefca07000 	C:\Windows\System32\wshtcpip.dll
0x000007fefbce0000 - 0x000007fefbd07000 	C:\Windows\system32\IPHLPAPI.DLL
0x000007fefbcd0000 - 0x000007fefbcdb000 	C:\Windows\system32\WINNSI.DLL
0x000007fee9120000 - 0x000007fee9128000 	C:\Windows\system32\rasadhlp.dll
0x000007fefbba0000 - 0x000007fefbbf3000 	C:\Windows\System32\fwpuclnt.dll
0x0000000072330000 - 0x0000000072341000 	C:\Program Files\Java\jdk1.8.0_152\jre\bin\nio.dll
0x000007fef1bb0000 - 0x000007fef1cd5000 	C:\Windows\system32\dbghelp.dll

VM Arguments:
jvm_args: -javaagent:C:\Program Files\JetBrains\IntelliJ IDEA Community Edition 2017.2.5\lib\idea_rt.jar=49762:C:\Program Files\JetBrains\IntelliJ IDEA Community Edition 2017.2.5\bin -Dfile.encoding=UTF-8 
java_command: milionerzy.MilionerzyApplication
java_class_path (initial): C:\Program Files\Java\jdk1.8.0_152\jre\lib\charsets.jar;C:\Program Files\Java\jdk1.8.0_152\jre\lib\deploy.jar;C:\Program Files\Java\jdk1.8.0_152\jre\lib\ext\access-bridge-64.jar;C:\Program Files\Java\jdk1.8.0_152\jre\lib\ext\cldrdata.jar;C:\Program Files\Java\jdk1.8.0_152\jre\lib\ext\dnsns.jar;C:\Program Files\Java\jdk1.8.0_152\jre\lib\ext\jaccess.jar;C:\Program Files\Java\jdk1.8.0_152\jre\lib\ext\jfxrt.jar;C:\Program Files\Java\jdk1.8.0_152\jre\lib\ext\localedata.jar;C:\Program Files\Java\jdk1.8.0_152\jre\lib\ext\nashorn.jar;C:\Program Files\Java\jdk1.8.0_152\jre\lib\ext\sunec.jar;C:\Program Files\Java\jdk1.8.0_152\jre\lib\ext\sunjce_provider.jar;C:\Program Files\Java\jdk1.8.0_152\jre\lib\ext\sunmscapi.jar;C:\Program Files\Java\jdk1.8.0_152\jre\lib\ext\sunpkcs11.jar;C:\Program Files\Java\jdk1.8.0_152\jre\lib\ext\zipfs.jar;C:\Program Files\Java\jdk1.8.0_152\jre\lib\javaws.jar;C:\Program Files\Java\jdk1.8.0_152\jre\lib\jce.jar;C:\Program Files\Java\jdk1.8.0_152\jre\lib\jfr.jar;C:\Program Files\Java\jdk1.8.0_152\jre\lib\jfxswt.jar;C:\Program Files\Java\jdk1.8.0_152\jre\lib\jsse.jar;C:\Program Files\Java\jdk1.8.0_152\jre\lib\management-agent.jar;C:\Program Files\Java\jdk1.8.0_152\jre\lib\plugin.jar;C:\Program Files\Java\jdk1.8.0_152\jre\lib\resources.jar;C:\Program Files\Java\jdk1.8.0_152\jre\lib\rt.jar;C:\Users\Piotr\Desktop\milionerzySpr\target\classes;C:\Users\Piotr\.m2\repository\org\springframework\boot\spring-boot-starter-data-jpa\2.0.0.M6\spring-boot-starter-data-jpa-2.0.0.M6.jar;C:\Users\Piotr\.m2\repository\org\springframework\boot\spring-boot-starter\2.0.0.M6\spring-boot-starter-2.0.0.M6.jar;C:\Users\Piotr\.m2\repository\org\springframework\boot\spring-boot-starter-logging\2.0.0.M6\spring-boot-starter-logging-2.0.0.M6.jar;C:\Users\Piotr\.m2\repository\ch\qos\logback\logback-classic\1.2.3\logback-classic-1.2.3.jar;C:\Users\Piotr\.m2\repository\ch\qos\logback\logback-core\1.2.3\logback-core-1.2.3.jar;C:\Users\Piotr\.m2\repository\or
Launcher Type: SUN_STANDARD

Environment Variables:
PATH=C:\ProgramData\Oracle\Java\javapath;C:\Program Files (x86)\NVIDIA Corporation\PhysX\Common;C:\Windows\system32;C:\Windows;C:\Windows\System32\Wbem;C:\Windows\System32\WindowsPowerShell\v1.0\;C:\Program Files\Microsoft SQL Server\120\Tools\Binn\;C:\Program Files\Microsoft SQL Server\130\Tools\Binn\;C:\Program Files\Microsoft SQL Server\Client SDK\ODBC\110\Tools\Binn\;C:\Program Files (x86)\Microsoft SQL Server\120\Tools\Binn\;C:\Program Files\Microsoft SQL Server\120\DTS\Binn\;C:\Program Files (x86)\Microsoft SQL Server\120\Tools\Binn\ManagementStudio\;C:\Program Files (x86)\Microsoft SQL Server\120\DTS\Binn\;C:\Program Files (x86)\Windows Kits\8.1\Windows Performance Toolkit\;C:\Program Files (x86)\QuickTime\QTSystem\;C:\Program Files\MySQL\MySQL Utilities 1.6\;C:\Program Files\Git\cmd;C:\Program Files\Heroku\bin
USERNAME=Piotr
OS=Windows_NT
PROCESSOR_IDENTIFIER=Intel64 Family 6 Model 23 Stepping 6, GenuineIntel



---------------  S Y S T E M  ---------------

OS: Windows 7 , 64 bit Build 7601 (6.1.7601.17514)

CPU:total 2 (initial active 2) (2 cores per cpu, 1 threads per core) family 6 model 23 stepping 6, cmov, cx8, fxsr, mmx, sse, sse2, sse3, ssse3, sse4.1, tsc

Memory: 4k page, physical 8317792k(4702440k free), swap 9937932k(5315876k free)

vm_info: Java HotSpot(TM) 64-Bit Server VM (25.152-b16) for windows-amd64 JRE (1.8.0_152-b16), built on Sep 14 2017 02:29:36 by "java_re" with MS VC++ 10.0 (VS2010)

time: Thu Nov 16 16:03:21 2017
elapsed time: 9 seconds (0d 0h 0m 9s)

